生成启动时间为 4/1/2015 10:35:49 AM。
     1>项目“E:\github\x-talker\wp-client\boghe\doubango\branches\2.0\doubango\tinyHTTP\tinyHTTP.vcxproj”在节点 4 上(Build 个目标)。
     1>Link:
         D:\Program Files (x86)\Microsoft Visual Studio 12.0\VC\bin\link.exe /ERRORREPORT:PROMPT /OUT:"E:\github\x-talker\wp-client\boghe\boghe-read-only\branches\2.0\boghe\Debug\tinyHTTP.dll" /INCREMENTAL /NOLOGO "E:\github\x-talker\wp-client\boghe\boghe-read-only\branches\2.0\boghe\Debug\tinySAK.lib" "E:\github\x-talker\wp-client\boghe\boghe-read-only\branches\2.0\boghe\Debug\tinyNET.lib" kernel32.lib user32.lib gdi32.lib winspool.lib comdlg32.lib advapi32.lib shell32.lib ole32.lib oleaut32.lib uuid.lib odbc32.lib odbccp32.lib /MANIFEST /MANIFESTUAC:"level='asInvoker' uiAccess='false'" /manifest:embed /DEBUG /PDB:"E:\github\x-talker\wp-client\boghe\boghe-read-only\branches\2.0\boghe\Debug\tinyHTTP.pdb" /SUBSYSTEM:WINDOWS /TLBID:1 /DYNAMICBASE /NXCOMPAT /IMPLIB:"E:\github\x-talker\wp-client\boghe\boghe-read-only\branches\2.0\boghe\Debug\tinyHTTP.lib" /MACHINE:X86 /SAFESEH /DLL Debug\version.res
         Debug\thttp_auth.obj
         Debug\thttp_challenge.obj
         Debug\thttp_header.obj
         Debug\thttp_header_Authorization.obj
         Debug\thttp_header_Content_Length.obj
         Debug\thttp_header_Content_Type.obj
         Debug\thttp_header_Dummy.obj
         Debug\thttp_header_ETag.obj
         Debug\thttp_header_Sec_WebSocket_Accept.obj
         Debug\thttp_header_Sec_WebSocket_Key.obj
         Debug\thttp_header_Sec_WebSocket_Protocol.obj
         Debug\thttp_header_Sec_WebSocket_Version.obj
         Debug\thttp_header_Transfer_Encoding.obj
         Debug\thttp_header_WWW_Authenticate.obj
         Debug\thttp_parser_header.obj
         Debug\thttp_parser_message.obj
         Debug\thttp_parser_url.obj
         Debug\thttp.obj
         Debug\thttp_action.obj
         Debug\thttp_dialog.obj
         Debug\thttp_event.obj
         Debug\thttp_message.obj
         Debug\thttp_session.obj
         Debug\thttp_url.obj
         "E:\github\x-talker\wp-client\boghe\boghe-read-only\branches\2.0\boghe\Debug\tinyNET.lib"
         "E:\github\x-talker\wp-client\boghe\boghe-read-only\branches\2.0\boghe\Debug\tinySAK.lib"
            正在创建库 E:\github\x-talker\wp-client\boghe\boghe-read-only\branches\2.0\boghe\Debug\tinyHTTP.lib 和对象 E:\github\x-talker\wp-client\boghe\boghe-read-only\branches\2.0\boghe\Debug\tinyHTTP.exp
         tinyHTTP.vcxproj -> E:\github\x-talker\wp-client\boghe\boghe-read-only\branches\2.0\boghe\Debug\tinyHTTP.dll
     1>已完成生成项目“E:\github\x-talker\wp-client\boghe\doubango\branches\2.0\doubango\tinyHTTP\tinyHTTP.vcxproj”(Build 个目标)的操作。

生成成功。

已用时间 00:00:00.78
