e:\github\x-talker\wp-client\boghe\doubango\branches\2.0\doubango\tinyhttp\debug\thttp_dialog.obj
e:\github\x-talker\wp-client\boghe\doubango\branches\2.0\doubango\tinyhttp\debug\thttp_action.obj
e:\github\x-talker\wp-client\boghe\doubango\branches\2.0\doubango\tinyhttp\debug\thttp_parser_url.obj
e:\github\x-talker\wp-client\boghe\doubango\branches\2.0\doubango\tinyhttp\debug\thttp_parser_message.obj
e:\github\x-talker\wp-client\boghe\doubango\branches\2.0\doubango\tinyhttp\debug\thttp_parser_header.obj
e:\github\x-talker\wp-client\boghe\doubango\branches\2.0\doubango\tinyhttp\debug\thttp_header_www_authenticate.obj
e:\github\x-talker\wp-client\boghe\doubango\branches\2.0\doubango\tinyhttp\debug\thttp_header_transfer_encoding.obj
e:\github\x-talker\wp-client\boghe\doubango\branches\2.0\doubango\tinyhttp\debug\thttp_header_sec_websocket_version.obj
e:\github\x-talker\wp-client\boghe\doubango\branches\2.0\doubango\tinyhttp\debug\thttp_header_sec_websocket_protocol.obj
e:\github\x-talker\wp-client\boghe\doubango\branches\2.0\doubango\tinyhttp\debug\thttp_header_sec_websocket_key.obj
e:\github\x-talker\wp-client\boghe\doubango\branches\2.0\doubango\tinyhttp\debug\thttp_header_sec_websocket_accept.obj
e:\github\x-talker\wp-client\boghe\doubango\branches\2.0\doubango\tinyhttp\debug\thttp_header_etag.obj
e:\github\x-talker\wp-client\boghe\doubango\branches\2.0\doubango\tinyhttp\debug\thttp_header_dummy.obj
e:\github\x-talker\wp-client\boghe\doubango\branches\2.0\doubango\tinyhttp\debug\thttp_header_content_type.obj
e:\github\x-talker\wp-client\boghe\doubango\branches\2.0\doubango\tinyhttp\debug\thttp_header_content_length.obj
e:\github\x-talker\wp-client\boghe\doubango\branches\2.0\doubango\tinyhttp\debug\thttp_header_authorization.obj
e:\github\x-talker\wp-client\boghe\doubango\branches\2.0\doubango\tinyhttp\debug\thttp_header.obj
e:\github\x-talker\wp-client\boghe\doubango\branches\2.0\doubango\tinyhttp\debug\thttp_challenge.obj
e:\github\x-talker\wp-client\boghe\doubango\branches\2.0\doubango\tinyhttp\debug\thttp_auth.obj
e:\github\x-talker\wp-client\boghe\doubango\branches\2.0\doubango\tinyhttp\debug\thttp_url.obj
e:\github\x-talker\wp-client\boghe\doubango\branches\2.0\doubango\tinyhttp\debug\thttp_session.obj
e:\github\x-talker\wp-client\boghe\doubango\branches\2.0\doubango\tinyhttp\debug\thttp_message.obj
e:\github\x-talker\wp-client\boghe\doubango\branches\2.0\doubango\tinyhttp\debug\thttp_event.obj
e:\github\x-talker\wp-client\boghe\doubango\branches\2.0\doubango\tinyhttp\debug\tinyhttp.tlog\cl.command.1.tlog
e:\github\x-talker\wp-client\boghe\doubango\branches\2.0\doubango\tinyhttp\debug\tinyhttp.tlog\cl.read.1.tlog
e:\github\x-talker\wp-client\boghe\doubango\branches\2.0\doubango\tinyhttp\debug\tinyhttp.tlog\cl.write.1.tlog
