e:\github\x-talker\wp-client\boghe\doubango\branches\2.0\doubango\tinybfcp\debug\vc120.pdb
e:\github\x-talker\wp-client\boghe\doubango\branches\2.0\doubango\tinybfcp\debug\vc120.idb
e:\github\x-talker\wp-client\boghe\doubango\branches\2.0\doubango\tinybfcp\debug\tbfcp_attr.obj
e:\github\x-talker\wp-client\boghe\doubango\branches\2.0\doubango\tinybfcp\debug\tbfcp_pkt.obj
e:\github\x-talker\wp-client\boghe\doubango\branches\2.0\doubango\tinybfcp\debug\tbfcp_session.obj
e:\github\x-talker\wp-client\boghe\doubango\branches\2.0\doubango\tinybfcp\debug\tbfcp_utils.obj
e:\github\x-talker\wp-client\boghe\boghe-read-only\branches\2.0\boghe\debug\tinybfcp.ilk
e:\github\x-talker\wp-client\boghe\boghe-read-only\branches\2.0\boghe\debug\tinybfcp.dll
e:\github\x-talker\wp-client\boghe\boghe-read-only\branches\2.0\boghe\debug\tinybfcp.pdb
e:\github\x-talker\wp-client\boghe\doubango\branches\2.0\doubango\tinybfcp\debug\version.res
e:\github\x-talker\wp-client\boghe\boghe-read-only\branches\2.0\boghe\debug\tinybfcp.lib
e:\github\x-talker\wp-client\boghe\boghe-read-only\branches\2.0\boghe\debug\tinybfcp.exp
e:\github\x-talker\wp-client\boghe\doubango\branches\2.0\doubango\tinybfcp\debug\tinybfcp.tlog\cl.command.1.tlog
e:\github\x-talker\wp-client\boghe\doubango\branches\2.0\doubango\tinybfcp\debug\tinybfcp.tlog\cl.read.1.tlog
e:\github\x-talker\wp-client\boghe\doubango\branches\2.0\doubango\tinybfcp\debug\tinybfcp.tlog\cl.write.1.tlog
e:\github\x-talker\wp-client\boghe\doubango\branches\2.0\doubango\tinybfcp\debug\tinybfcp.tlog\link.command.1.tlog
e:\github\x-talker\wp-client\boghe\doubango\branches\2.0\doubango\tinybfcp\debug\tinybfcp.tlog\link.read.1.tlog
e:\github\x-talker\wp-client\boghe\doubango\branches\2.0\doubango\tinybfcp\debug\tinybfcp.tlog\link.write.1.tlog
e:\github\x-talker\wp-client\boghe\doubango\branches\2.0\doubango\tinybfcp\debug\tinybfcp.tlog\rc.command.1.tlog
e:\github\x-talker\wp-client\boghe\doubango\branches\2.0\doubango\tinybfcp\debug\tinybfcp.tlog\rc.read.1.tlog
e:\github\x-talker\wp-client\boghe\doubango\branches\2.0\doubango\tinybfcp\debug\tinybfcp.tlog\rc.write.1.tlog
e:\github\x-talker\wp-client\boghe\doubango\branches\2.0\doubango\tinybfcp\debug\tinybfcp.tlog\tinybfcp.write.1u.tlog
