生成启动时间为 4/1/2015 10:48:10 AM。
     1>项目“E:\github\x-talker\wp-client\boghe\doubango\branches\2.0\doubango\plugins\pluginWinMF\pluginWinMF.vcxproj”在节点 7 上(Build 个目标)。
     1>Link:
         D:\Program Files (x86)\Microsoft Visual Studio 12.0\VC\bin\link.exe /ERRORREPORT:PROMPT /OUT:"E:\github\x-talker\wp-client\boghe\boghe-read-only\branches\2.0\boghe\Debug\pluginWinMF.dll" /INCREMENTAL /NOLOGO "E:\github\x-talker\wp-client\boghe\boghe-read-only\branches\2.0\boghe\Debug\tinySAK.lib" "E:\github\x-talker\wp-client\boghe\boghe-read-only\branches\2.0\boghe\Debug\tinyMEDIA.lib" kernel32.lib user32.lib gdi32.lib winspool.lib comdlg32.lib advapi32.lib shell32.lib ole32.lib oleaut32.lib uuid.lib odbc32.lib odbccp32.lib /MANIFEST /MANIFESTUAC:"level='asInvoker' uiAccess='false'" /manifest:embed /DEBUG /PDB:"E:\github\x-talker\wp-client\boghe\boghe-read-only\branches\2.0\boghe\Debug\pluginWinMF.pdb" /SUBSYSTEM:WINDOWS /TLBID:1 /DYNAMICBASE /NXCOMPAT /IMPLIB:"E:\github\x-talker\wp-client\boghe\boghe-read-only\branches\2.0\boghe\Debug\pluginWinMF.lib" /MACHINE:X86 /SAFESEH /DLL Debug\version.res
         Debug\tdav_consumer_audio.obj
         Debug\tdav_producer_audio.obj
         Debug\tdav_codec_h264_rtp.obj
         Debug\dllmain_mf.obj
         Debug\mf_codec.obj
         Debug\mf_custom_src.obj
         Debug\mf_devices.obj
         Debug\mf_display_watcher.obj
         Debug\mf_sample_grabber.obj
         Debug\mf_sample_queue.obj
         Debug\mf_utils.obj
         Debug\plugin_win_mf_codec_h264.obj
         Debug\plugin_win_mf_consumer_audio.obj
         Debug\plugin_win_mf_consumer_video.obj
         Debug\plugin_win_mf_converter_video.obj
         Debug\plugin_win_mf_producer_audio.obj
         Debug\plugin_win_mf_producer_video.obj
         "E:\github\x-talker\wp-client\boghe\boghe-read-only\branches\2.0\boghe\Debug\tinyMEDIA.lib"
         "E:\github\x-talker\wp-client\boghe\boghe-read-only\branches\2.0\boghe\Debug\tinySAK.lib"
     1>tdav_consumer_audio.obj : warning LNK4075: 
            
         pluginWinMF.vcxproj -> E:\github\x-talker\wp-client\boghe\boghe-read-only\branches\2.0\boghe\Debug\pluginWinMF.dll
     1>已完成生成项目“E:\github\x-talker\wp-client\boghe\doubango\branches\2.0\doubango\plugins\pluginWinMF\pluginWinMF.vcxproj”(Build 个目标)的操作。

生成成功。

已用时间 00:00:01.98
