e:\github\x-talker\wp-client\boghe\doubango\branches\2.0\doubango\tinysigcomp\debug\vc120.pdb
e:\github\x-talker\wp-client\boghe\doubango\branches\2.0\doubango\tinysigcomp\debug\vc120.idb
e:\github\x-talker\wp-client\boghe\doubango\branches\2.0\doubango\tinysigcomp\debug\tcomp_deflatedata.obj
e:\github\x-talker\wp-client\boghe\doubango\branches\2.0\doubango\tinysigcomp\debug\tcomp_deflatedata.ghost.obj
e:\github\x-talker\wp-client\boghe\doubango\branches\2.0\doubango\tinysigcomp\debug\tcomp_deflatedata.zlib.obj
e:\github\x-talker\wp-client\boghe\doubango\branches\2.0\doubango\tinysigcomp\debug\tcomp_dicts.obj
e:\github\x-talker\wp-client\boghe\doubango\branches\2.0\doubango\tinysigcomp\debug\tcomp_manager.obj
e:\github\x-talker\wp-client\boghe\doubango\branches\2.0\doubango\tinysigcomp\debug\tcomp_message.obj
e:\github\x-talker\wp-client\boghe\doubango\branches\2.0\doubango\tinysigcomp\debug\tcomp_nackinfo.obj
e:\github\x-talker\wp-client\boghe\doubango\branches\2.0\doubango\tinysigcomp\debug\tcomp_params.obj
e:\github\x-talker\wp-client\boghe\doubango\branches\2.0\doubango\tinysigcomp\debug\tcomp_reqfeed.obj
e:\github\x-talker\wp-client\boghe\doubango\branches\2.0\doubango\tinysigcomp\debug\tcomp_result.obj
e:\github\x-talker\wp-client\boghe\doubango\branches\2.0\doubango\tinysigcomp\debug\tcomp_state.obj
e:\github\x-talker\wp-client\boghe\doubango\branches\2.0\doubango\tinysigcomp\debug\tcomp_statehandler.obj
e:\github\x-talker\wp-client\boghe\doubango\branches\2.0\doubango\tinysigcomp\debug\tcomp_udvm.bytecopy.obj
e:\github\x-talker\wp-client\boghe\doubango\branches\2.0\doubango\tinysigcomp\debug\tcomp_udvm.obj
e:\github\x-talker\wp-client\boghe\doubango\branches\2.0\doubango\tinysigcomp\debug\tcomp_udvm.instructions.obj
e:\github\x-talker\wp-client\boghe\doubango\branches\2.0\doubango\tinysigcomp\debug\tcomp_udvm.nack.obj
e:\github\x-talker\wp-client\boghe\doubango\branches\2.0\doubango\tinysigcomp\debug\tcomp_udvm.operands.obj
e:\github\x-talker\wp-client\boghe\doubango\branches\2.0\doubango\tinysigcomp\debug\tcomp_udvm.statemanagment.obj
e:\github\x-talker\wp-client\boghe\doubango\branches\2.0\doubango\tinysigcomp\debug\trees.obj
e:\github\x-talker\wp-client\boghe\doubango\branches\2.0\doubango\tinysigcomp\debug\zutil.obj
e:\github\x-talker\wp-client\boghe\doubango\branches\2.0\doubango\tinysigcomp\debug\adler32.obj
e:\github\x-talker\wp-client\boghe\doubango\branches\2.0\doubango\tinysigcomp\debug\compress.obj
e:\github\x-talker\wp-client\boghe\doubango\branches\2.0\doubango\tinysigcomp\debug\deflate.obj
e:\github\x-talker\wp-client\boghe\doubango\branches\2.0\doubango\tinysigcomp\debug\tcomp_buffer.obj
e:\github\x-talker\wp-client\boghe\doubango\branches\2.0\doubango\tinysigcomp\debug\tcomp_compartment.obj
e:\github\x-talker\wp-client\boghe\doubango\branches\2.0\doubango\tinysigcomp\debug\tcomp_compressordata.obj
e:\github\x-talker\wp-client\boghe\doubango\branches\2.0\doubango\tinysigcomp\debug\tcomp_compressordisp.obj
e:\github\x-talker\wp-client\boghe\doubango\branches\2.0\doubango\tinysigcomp\debug\tcomp_compressor_deflate.obj
e:\github\x-talker\wp-client\boghe\doubango\branches\2.0\doubango\tinysigcomp\debug\tcomp_compressor_dummy.obj
e:\github\x-talker\wp-client\boghe\doubango\branches\2.0\doubango\tinysigcomp\debug\tcomp_decompressordisp.obj
e:\github\x-talker\wp-client\boghe\doubango\branches\2.0\doubango\tinysigcomp\debug\tinysigcomp.tlog\cl.command.1.tlog
e:\github\x-talker\wp-client\boghe\doubango\branches\2.0\doubango\tinysigcomp\debug\tinysigcomp.tlog\cl.read.1.tlog
e:\github\x-talker\wp-client\boghe\doubango\branches\2.0\doubango\tinysigcomp\debug\tinysigcomp.tlog\cl.write.1.tlog
