生成启动时间为 4/1/2015 10:48:10 AM。
     1>项目“E:\github\x-talker\wp-client\boghe\doubango\branches\2.0\doubango\tinySIGCOMP\tinySIGCOMP.vcxproj”在节点 2 上(Build 个目标)。
     1>Link:
         D:\Program Files (x86)\Microsoft Visual Studio 12.0\VC\bin\link.exe /ERRORREPORT:PROMPT /OUT:"E:\github\x-talker\wp-client\boghe\boghe-read-only\branches\2.0\boghe\Debug\tinySIGCOMP.dll" /INCREMENTAL /NOLOGO "E:\github\x-talker\wp-client\boghe\boghe-read-only\branches\2.0\boghe\Debug\tinySAK.lib" kernel32.lib user32.lib gdi32.lib winspool.lib comdlg32.lib advapi32.lib shell32.lib ole32.lib oleaut32.lib uuid.lib odbc32.lib odbccp32.lib /MANIFEST /MANIFESTUAC:"level='asInvoker' uiAccess='false'" /manifest:embed /DEBUG /PDB:"E:\github\x-talker\wp-client\boghe\boghe-read-only\branches\2.0\boghe\Debug\tinySIGCOMP.pdb" /SUBSYSTEM:WINDOWS /TLBID:1 /DYNAMICBASE /NXCOMPAT /IMPLIB:"E:\github\x-talker\wp-client\boghe\boghe-read-only\branches\2.0\boghe\Debug\tinySIGCOMP.lib" /MACHINE:X86 /SAFESEH /DLL Debug\version.res
         Debug\adler32.obj
         Debug\compress.obj
         Debug\deflate.obj
         Debug\tcomp.obj
         Debug\tcomp_buffer.obj
         Debug\tcomp_compartment.obj
         Debug\tcomp_compressordata.obj
         Debug\tcomp_compressordisp.obj
         Debug\tcomp_compressor_deflate.obj
         Debug\tcomp_compressor_dummy.obj
         Debug\tcomp_decompressordisp.obj
         Debug\tcomp_deflatedata.obj
         Debug\tcomp_deflatedata.ghost.obj
         Debug\tcomp_deflatedata.zlib.obj
         Debug\tcomp_dicts.obj
         Debug\tcomp_manager.obj
         Debug\tcomp_message.obj
         Debug\tcomp_nackinfo.obj
         Debug\tcomp_params.obj
         Debug\tcomp_reqfeed.obj
         Debug\tcomp_result.obj
         Debug\tcomp_state.obj
         Debug\tcomp_statehandler.obj
         Debug\tcomp_udvm.bytecopy.obj
         Debug\tcomp_udvm.obj
         Debug\tcomp_udvm.instructions.obj
         Debug\tcomp_udvm.nack.obj
         Debug\tcomp_udvm.operands.obj
         Debug\tcomp_udvm.statemanagment.obj
         Debug\trees.obj
         Debug\zutil.obj
         "E:\github\x-talker\wp-client\boghe\boghe-read-only\branches\2.0\boghe\Debug\tinySAK.lib"
     1>adler32.obj : warning LNK4075: 
            
         tinySIGCOMP.vcxproj -> E:\github\x-talker\wp-client\boghe\boghe-read-only\branches\2.0\boghe\Debug\tinySIGCOMP.dll
     1>已完成生成项目“E:\github\x-talker\wp-client\boghe\doubango\branches\2.0\doubango\tinySIGCOMP\tinySIGCOMP.vcxproj”(Build 个目标)的操作。

生成成功。

已用时间 00:00:01.13
