e:\github\x-talker\wp-client\boghe\doubango\branches\2.0\doubango\tinyrtp\debug\vc120.pdb
e:\github\x-talker\wp-client\boghe\doubango\branches\2.0\doubango\tinyrtp\debug\vc120.idb
e:\github\x-talker\wp-client\boghe\doubango\branches\2.0\doubango\tinyrtp\debug\trtp_rtcp_header.obj
e:\github\x-talker\wp-client\boghe\doubango\branches\2.0\doubango\tinyrtp\debug\trtp_rtcp_packet.obj
e:\github\x-talker\wp-client\boghe\doubango\branches\2.0\doubango\tinyrtp\debug\trtp_rtcp_rblock.obj
e:\github\x-talker\wp-client\boghe\doubango\branches\2.0\doubango\tinyrtp\debug\trtp_rtcp_report.obj
e:\github\x-talker\wp-client\boghe\doubango\branches\2.0\doubango\tinyrtp\debug\trtp_rtcp_report_bye.obj
e:\github\x-talker\wp-client\boghe\doubango\branches\2.0\doubango\tinyrtp\debug\trtp_rtcp_report_fb.obj
e:\github\x-talker\wp-client\boghe\doubango\branches\2.0\doubango\tinyrtp\debug\trtp_rtcp_report_rr.obj
e:\github\x-talker\wp-client\boghe\doubango\branches\2.0\doubango\tinyrtp\debug\trtp_rtcp_report_sdes.obj
e:\github\x-talker\wp-client\boghe\doubango\branches\2.0\doubango\tinyrtp\debug\trtp_rtcp_report_sr.obj
e:\github\x-talker\wp-client\boghe\doubango\branches\2.0\doubango\tinyrtp\debug\trtp_rtcp_report_xr.obj
e:\github\x-talker\wp-client\boghe\doubango\branches\2.0\doubango\tinyrtp\debug\trtp_rtcp_sdes_chunck.obj
e:\github\x-talker\wp-client\boghe\doubango\branches\2.0\doubango\tinyrtp\debug\trtp_rtcp_sdes_item.obj
e:\github\x-talker\wp-client\boghe\doubango\branches\2.0\doubango\tinyrtp\debug\trtp_rtcp_session.obj
e:\github\x-talker\wp-client\boghe\doubango\branches\2.0\doubango\tinyrtp\debug\trtp_rtp_header.obj
e:\github\x-talker\wp-client\boghe\doubango\branches\2.0\doubango\tinyrtp\debug\trtp_rtp_packet.obj
e:\github\x-talker\wp-client\boghe\doubango\branches\2.0\doubango\tinyrtp\debug\trtp_rtp_session.obj
e:\github\x-talker\wp-client\boghe\doubango\branches\2.0\doubango\tinyrtp\debug\trtp.obj
e:\github\x-talker\wp-client\boghe\doubango\branches\2.0\doubango\tinyrtp\debug\trtp_manager.obj
e:\github\x-talker\wp-client\boghe\doubango\branches\2.0\doubango\tinyrtp\debug\trtp_srtp.obj
e:\github\x-talker\wp-client\boghe\boghe-read-only\branches\2.0\boghe\debug\tinyrtp.ilk
e:\github\x-talker\wp-client\boghe\boghe-read-only\branches\2.0\boghe\debug\tinyrtp.dll
e:\github\x-talker\wp-client\boghe\boghe-read-only\branches\2.0\boghe\debug\tinyrtp.pdb
e:\github\x-talker\wp-client\boghe\doubango\branches\2.0\doubango\tinyrtp\debug\version.res
e:\github\x-talker\wp-client\boghe\boghe-read-only\branches\2.0\boghe\debug\tinyrtp.lib
e:\github\x-talker\wp-client\boghe\boghe-read-only\branches\2.0\boghe\debug\tinyrtp.exp
e:\github\x-talker\wp-client\boghe\doubango\branches\2.0\doubango\tinyrtp\debug\tinyrtp.tlog\cl.command.1.tlog
e:\github\x-talker\wp-client\boghe\doubango\branches\2.0\doubango\tinyrtp\debug\tinyrtp.tlog\cl.read.1.tlog
e:\github\x-talker\wp-client\boghe\doubango\branches\2.0\doubango\tinyrtp\debug\tinyrtp.tlog\cl.write.1.tlog
e:\github\x-talker\wp-client\boghe\doubango\branches\2.0\doubango\tinyrtp\debug\tinyrtp.tlog\link.command.1.tlog
e:\github\x-talker\wp-client\boghe\doubango\branches\2.0\doubango\tinyrtp\debug\tinyrtp.tlog\link.read.1.tlog
e:\github\x-talker\wp-client\boghe\doubango\branches\2.0\doubango\tinyrtp\debug\tinyrtp.tlog\link.write.1.tlog
e:\github\x-talker\wp-client\boghe\doubango\branches\2.0\doubango\tinyrtp\debug\tinyrtp.tlog\rc.command.1.tlog
e:\github\x-talker\wp-client\boghe\doubango\branches\2.0\doubango\tinyrtp\debug\tinyrtp.tlog\rc.read.1.tlog
e:\github\x-talker\wp-client\boghe\doubango\branches\2.0\doubango\tinyrtp\debug\tinyrtp.tlog\rc.write.1.tlog
e:\github\x-talker\wp-client\boghe\doubango\branches\2.0\doubango\tinyrtp\debug\tinyrtp.tlog\tinyrtp.write.1u.tlog
