生成启动时间为 4/1/2015 10:35:50 AM。
     1>项目“E:\github\x-talker\wp-client\boghe\doubango\branches\2.0\doubango\tinyRTP\tinyRTP.vcxproj”在节点 5 上(Build 个目标)。
     1>Link:
         D:\Program Files (x86)\Microsoft Visual Studio 12.0\VC\bin\link.exe /ERRORREPORT:PROMPT /OUT:"E:\github\x-talker\wp-client\boghe\boghe-read-only\branches\2.0\boghe\Debug\tinyRTP.dll" /INCREMENTAL /NOLOGO ws2_32.lib "E:\github\x-talker\wp-client\boghe\boghe-read-only\branches\2.0\boghe\Debug\tinySAK.lib" "E:\github\x-talker\wp-client\boghe\boghe-read-only\branches\2.0\boghe\Debug\tinyNET.lib" "E:\github\x-talker\wp-client\boghe\boghe-read-only\branches\2.0\boghe\Debug\tinyMEDIA.lib" ..\thirdparties\win32\lib\srtp\libsrtp.a ..\thirdparties\win32\lib\libgcc.a kernel32.lib user32.lib gdi32.lib winspool.lib comdlg32.lib advapi32.lib shell32.lib ole32.lib oleaut32.lib uuid.lib odbc32.lib odbccp32.lib /MANIFEST /MANIFESTUAC:"level='asInvoker' uiAccess='false'" /manifest:embed /DEBUG /PDB:"E:\github\x-talker\wp-client\boghe\boghe-read-only\branches\2.0\boghe\Debug\tinyRTP.pdb" /SUBSYSTEM:WINDOWS /TLBID:1 /DYNAMICBASE /NXCOMPAT /IMPLIB:"E:\github\x-talker\wp-client\boghe\boghe-read-only\branches\2.0\boghe\Debug\tinyRTP.lib" /MACHINE:X86 /SAFESEH /SAFESEH:NO /DLL Debug\version.res
         Debug\trtp_rtcp_header.obj
         Debug\trtp_rtcp_packet.obj
         Debug\trtp_rtcp_rblock.obj
         Debug\trtp_rtcp_report.obj
         Debug\trtp_rtcp_report_bye.obj
         Debug\trtp_rtcp_report_fb.obj
         Debug\trtp_rtcp_report_rr.obj
         Debug\trtp_rtcp_report_sdes.obj
         Debug\trtp_rtcp_report_sr.obj
         Debug\trtp_rtcp_report_xr.obj
         Debug\trtp_rtcp_sdes_chunck.obj
         Debug\trtp_rtcp_sdes_item.obj
         Debug\trtp_rtcp_session.obj
         Debug\trtp_rtp_header.obj
         Debug\trtp_rtp_packet.obj
         Debug\trtp_rtp_session.obj
         Debug\trtp.obj
         Debug\trtp_manager.obj
         Debug\trtp_srtp.obj
         "E:\github\x-talker\wp-client\boghe\boghe-read-only\branches\2.0\boghe\Debug\tinyMEDIA.lib"
         "E:\github\x-talker\wp-client\boghe\boghe-read-only\branches\2.0\boghe\Debug\tinyNET.lib"
         "E:\github\x-talker\wp-client\boghe\boghe-read-only\branches\2.0\boghe\Debug\tinySAK.lib"
            正在创建库 E:\github\x-talker\wp-client\boghe\boghe-read-only\branches\2.0\boghe\Debug\tinyRTP.lib 和对象 E:\github\x-talker\wp-client\boghe\boghe-read-only\branches\2.0\boghe\Debug\tinyRTP.exp
         tinyRTP.vcxproj -> E:\github\x-talker\wp-client\boghe\boghe-read-only\branches\2.0\boghe\Debug\tinyRTP.dll
     1>已完成生成项目“E:\github\x-talker\wp-client\boghe\doubango\branches\2.0\doubango\tinyRTP\tinyRTP.vcxproj”(Build 个目标)的操作。

生成成功。

已用时间 00:00:00.71
