生成启动时间为 4/1/2015 10:48:13 AM。
     1>项目“E:\github\x-talker\wp-client\boghe\doubango\branches\2.0\doubango\bindings\csharp\tinyWRAP.vcxproj”在节点 7 上(Build 个目标)。
     1>Link:
         D:\Program Files (x86)\Microsoft Visual Studio 12.0\VC\bin\link.exe /ERRORREPORT:PROMPT /OUT:"E:\github\x-talker\wp-client\boghe\boghe-read-only\branches\2.0\boghe\Debug\tinyWRAP.dll" /INCREMENTAL /NOLOGO "E:\github\x-talker\wp-client\boghe\boghe-read-only\branches\2.0\boghe\Debug\tinySAK.lib" "E:\github\x-talker\wp-client\boghe\boghe-read-only\branches\2.0\boghe\Debug\tinySIP.lib" "E:\github\x-talker\wp-client\boghe\boghe-read-only\branches\2.0\boghe\Debug\tinyNET.lib" "E:\github\x-talker\wp-client\boghe\boghe-read-only\branches\2.0\boghe\Debug\tinyDAV.lib" "E:\github\x-talker\wp-client\boghe\boghe-read-only\branches\2.0\boghe\Debug\tinyMEDIA.lib" "E:\github\x-talker\wp-client\boghe\boghe-read-only\branches\2.0\boghe\Debug\tinyHTTP.lib" "E:\github\x-talker\wp-client\boghe\boghe-read-only\branches\2.0\boghe\Debug\tinyXCAP.lib" "E:\github\x-talker\wp-client\boghe\boghe-read-only\branches\2.0\boghe\Debug\tinySMS.lib" "E:\github\x-talker\wp-client\boghe\boghe-read-only\branches\2.0\boghe\Debug\tinyMSRP.lib" "E:\github\x-talker\wp-client\boghe\boghe-read-only\branches\2.0\boghe\Debug\tinySDP.lib" kernel32.lib user32.lib gdi32.lib winspool.lib comdlg32.lib advapi32.lib shell32.lib ole32.lib oleaut32.lib uuid.lib odbc32.lib odbccp32.lib /MANIFEST /MANIFESTUAC:"level='asInvoker' uiAccess='false'" /manifest:embed /DEBUG /PDB:"E:\github\x-talker\wp-client\boghe\boghe-read-only\branches\2.0\boghe\Debug\tinyWRAP.pdb" /SUBSYSTEM:WINDOWS /TLBID:1 /DYNAMICBASE /NXCOMPAT /IMPLIB:"E:\github\x-talker\wp-client\boghe\boghe-read-only\branches\2.0\boghe\Debug\tinyWRAP.lib" /MACHINE:X86 /SAFESEH /DLL Debug\version.res
         Debug\ActionConfig.obj
         Debug\AudioResampler.obj
         Debug\DDebug.obj
         Debug\MediaContent.obj
         Debug\MediaSessionMgr.obj
         Debug\Msrp.obj
         Debug\ProxyConsumer.obj
         Debug\ProxyPluginMgr.obj
         Debug\ProxyProducer.obj
         Debug\SafeObject.obj
         Debug\SipCallback.obj
         Debug\SipEvent.obj
         Debug\SipMessage.obj
         Debug\SipSession.obj
         Debug\SipStack.obj
         Debug\SipUri.obj
         Debug\SMSEncoder.obj
         Debug\Xcap.obj
         Debug\tinyWRAP_wrap.obj
         "E:\github\x-talker\wp-client\boghe\boghe-read-only\branches\2.0\boghe\Debug\tinyDAV.lib"
         "E:\github\x-talker\wp-client\boghe\boghe-read-only\branches\2.0\boghe\Debug\tinyHTTP.lib"
         "E:\github\x-talker\wp-client\boghe\boghe-read-only\branches\2.0\boghe\Debug\tinyIPSec.lib"
         "E:\github\x-talker\wp-client\boghe\boghe-read-only\branches\2.0\boghe\Debug\tinyMEDIA.lib"
         "E:\github\x-talker\wp-client\boghe\boghe-read-only\branches\2.0\boghe\Debug\tinyMSRP.lib"
         "E:\github\x-talker\wp-client\boghe\boghe-read-only\branches\2.0\boghe\Debug\tinyNET.lib"
         "E:\github\x-talker\wp-client\boghe\boghe-read-only\branches\2.0\boghe\Debug\tinyRTP.lib"
         "E:\github\x-talker\wp-client\boghe\boghe-read-only\branches\2.0\boghe\Debug\tinySAK.lib"
         "E:\github\x-talker\wp-client\boghe\boghe-read-only\branches\2.0\boghe\Debug\tinySDP.lib"
         "E:\github\x-talker\wp-client\boghe\boghe-read-only\branches\2.0\boghe\Debug\tinySIGCOMP.lib"
         "E:\github\x-talker\wp-client\boghe\boghe-read-only\branches\2.0\boghe\Debug\tinySIP.lib"
         "E:\github\x-talker\wp-client\boghe\boghe-read-only\branches\2.0\boghe\Debug\tinySMS.lib"
         "E:\github\x-talker\wp-client\boghe\boghe-read-only\branches\2.0\boghe\Debug\tinyXCAP.lib"
     1>ActionConfig.obj : warning LNK4075: 忽略“/EDITANDCONTINUE”(由于“/SAFESEH”规范)
            正在创建库 E:\github\x-talker\wp-client\boghe\boghe-read-only\branches\2.0\boghe\Debug\tinyWRAP.lib 和对象 E:\github\x-talker\wp-client\boghe\boghe-read-only\branches\2.0\boghe\Debug\tinyWRAP.exp
         tinyWRAP.vcxproj -> E:\github\x-talker\wp-client\boghe\boghe-read-only\branches\2.0\boghe\Debug\tinyWRAP.dll
     1>已完成生成项目“E:\github\x-talker\wp-client\boghe\doubango\branches\2.0\doubango\bindings\csharp\tinyWRAP.vcxproj”(Build 个目标)的操作。

生成成功。

已用时间 00:00:00.82
