e:\github\x-talker\wp-client\boghe\doubango\branches\2.0\doubango\bindings\csharp\debug\vc120.pdb
e:\github\x-talker\wp-client\boghe\doubango\branches\2.0\doubango\bindings\csharp\debug\vc120.idb
e:\github\x-talker\wp-client\boghe\doubango\branches\2.0\doubango\bindings\csharp\debug\actionconfig.obj
e:\github\x-talker\wp-client\boghe\doubango\branches\2.0\doubango\bindings\csharp\debug\audioresampler.obj
e:\github\x-talker\wp-client\boghe\doubango\branches\2.0\doubango\bindings\csharp\debug\ddebug.obj
e:\github\x-talker\wp-client\boghe\doubango\branches\2.0\doubango\bindings\csharp\debug\mediacontent.obj
e:\github\x-talker\wp-client\boghe\doubango\branches\2.0\doubango\bindings\csharp\debug\mediasessionmgr.obj
e:\github\x-talker\wp-client\boghe\doubango\branches\2.0\doubango\bindings\csharp\debug\msrp.obj
e:\github\x-talker\wp-client\boghe\doubango\branches\2.0\doubango\bindings\csharp\debug\proxyconsumer.obj
e:\github\x-talker\wp-client\boghe\doubango\branches\2.0\doubango\bindings\csharp\debug\proxypluginmgr.obj
e:\github\x-talker\wp-client\boghe\doubango\branches\2.0\doubango\bindings\csharp\debug\proxyproducer.obj
e:\github\x-talker\wp-client\boghe\doubango\branches\2.0\doubango\bindings\csharp\debug\safeobject.obj
e:\github\x-talker\wp-client\boghe\doubango\branches\2.0\doubango\bindings\csharp\debug\sipcallback.obj
e:\github\x-talker\wp-client\boghe\doubango\branches\2.0\doubango\bindings\csharp\debug\sipevent.obj
e:\github\x-talker\wp-client\boghe\doubango\branches\2.0\doubango\bindings\csharp\debug\sipmessage.obj
e:\github\x-talker\wp-client\boghe\doubango\branches\2.0\doubango\bindings\csharp\debug\sipsession.obj
e:\github\x-talker\wp-client\boghe\doubango\branches\2.0\doubango\bindings\csharp\debug\sipstack.obj
e:\github\x-talker\wp-client\boghe\doubango\branches\2.0\doubango\bindings\csharp\debug\sipuri.obj
e:\github\x-talker\wp-client\boghe\doubango\branches\2.0\doubango\bindings\csharp\debug\smsencoder.obj
e:\github\x-talker\wp-client\boghe\doubango\branches\2.0\doubango\bindings\csharp\debug\xcap.obj
e:\github\x-talker\wp-client\boghe\doubango\branches\2.0\doubango\bindings\csharp\debug\tinywrap_wrap.obj
e:\github\x-talker\wp-client\boghe\doubango\branches\2.0\doubango\bindings\csharp\debug\version.res
e:\github\x-talker\wp-client\boghe\doubango\branches\2.0\doubango\bindings\csharp\debug\tinywrap.tlog\cl.command.1.tlog
e:\github\x-talker\wp-client\boghe\doubango\branches\2.0\doubango\bindings\csharp\debug\tinywrap.tlog\cl.read.1.tlog
e:\github\x-talker\wp-client\boghe\doubango\branches\2.0\doubango\bindings\csharp\debug\tinywrap.tlog\cl.write.1.tlog
e:\github\x-talker\wp-client\boghe\doubango\branches\2.0\doubango\bindings\csharp\debug\tinywrap.tlog\link.command.1.tlog
e:\github\x-talker\wp-client\boghe\doubango\branches\2.0\doubango\bindings\csharp\debug\tinywrap.tlog\link.read.1.tlog
e:\github\x-talker\wp-client\boghe\doubango\branches\2.0\doubango\bindings\csharp\debug\tinywrap.tlog\link.write.1.tlog
e:\github\x-talker\wp-client\boghe\doubango\branches\2.0\doubango\bindings\csharp\debug\tinywrap.tlog\rc.command.1.tlog
e:\github\x-talker\wp-client\boghe\doubango\branches\2.0\doubango\bindings\csharp\debug\tinywrap.tlog\rc.read.1.tlog
e:\github\x-talker\wp-client\boghe\doubango\branches\2.0\doubango\bindings\csharp\debug\tinywrap.tlog\rc.write.1.tlog
