e:\github\x-talker\wp-client\boghe\doubango\branches\2.0\doubango\tinysdp\debug\vc120.pdb
e:\github\x-talker\wp-client\boghe\doubango\branches\2.0\doubango\tinysdp\debug\vc120.idb
e:\github\x-talker\wp-client\boghe\doubango\branches\2.0\doubango\tinysdp\debug\tsdp_header.obj
e:\github\x-talker\wp-client\boghe\doubango\branches\2.0\doubango\tinysdp\debug\tsdp_header_a.obj
e:\github\x-talker\wp-client\boghe\doubango\branches\2.0\doubango\tinysdp\debug\tsdp_header_b.obj
e:\github\x-talker\wp-client\boghe\doubango\branches\2.0\doubango\tinysdp\debug\tsdp_header_c.obj
e:\github\x-talker\wp-client\boghe\doubango\branches\2.0\doubango\tinysdp\debug\tsdp_header_dummy.obj
e:\github\x-talker\wp-client\boghe\doubango\branches\2.0\doubango\tinysdp\debug\tsdp_header_e.obj
e:\github\x-talker\wp-client\boghe\doubango\branches\2.0\doubango\tinysdp\debug\tsdp_header_i.obj
e:\github\x-talker\wp-client\boghe\doubango\branches\2.0\doubango\tinysdp\debug\tsdp_header_k.obj
e:\github\x-talker\wp-client\boghe\doubango\branches\2.0\doubango\tinysdp\debug\tsdp_header_m.obj
e:\github\x-talker\wp-client\boghe\doubango\branches\2.0\doubango\tinysdp\debug\tsdp_header_o.obj
e:\github\x-talker\wp-client\boghe\doubango\branches\2.0\doubango\tinysdp\debug\tsdp_header_p.obj
e:\github\x-talker\wp-client\boghe\doubango\branches\2.0\doubango\tinysdp\debug\tsdp_header_r.obj
e:\github\x-talker\wp-client\boghe\doubango\branches\2.0\doubango\tinysdp\debug\tsdp_header_s.obj
e:\github\x-talker\wp-client\boghe\doubango\branches\2.0\doubango\tinysdp\debug\tsdp_header_t.obj
e:\github\x-talker\wp-client\boghe\doubango\branches\2.0\doubango\tinysdp\debug\tsdp_header_u.obj
e:\github\x-talker\wp-client\boghe\doubango\branches\2.0\doubango\tinysdp\debug\tsdp_header_v.obj
e:\github\x-talker\wp-client\boghe\doubango\branches\2.0\doubango\tinysdp\debug\tsdp_header_z.obj
e:\github\x-talker\wp-client\boghe\doubango\branches\2.0\doubango\tinysdp\debug\tsdp_parser_message.obj
e:\github\x-talker\wp-client\boghe\doubango\branches\2.0\doubango\tinysdp\debug\tsdp.obj
e:\github\x-talker\wp-client\boghe\doubango\branches\2.0\doubango\tinysdp\debug\tsdp_message.obj
e:\github\x-talker\wp-client\boghe\doubango\branches\2.0\doubango\tinysdp\debug\version.res
e:\github\x-talker\wp-client\boghe\doubango\branches\2.0\doubango\tinysdp\debug\tinysdp.tlog\cl.command.1.tlog
e:\github\x-talker\wp-client\boghe\doubango\branches\2.0\doubango\tinysdp\debug\tinysdp.tlog\cl.read.1.tlog
e:\github\x-talker\wp-client\boghe\doubango\branches\2.0\doubango\tinysdp\debug\tinysdp.tlog\cl.write.1.tlog
e:\github\x-talker\wp-client\boghe\doubango\branches\2.0\doubango\tinysdp\debug\tinysdp.tlog\link.command.1.tlog
e:\github\x-talker\wp-client\boghe\doubango\branches\2.0\doubango\tinysdp\debug\tinysdp.tlog\link.read.1.tlog
e:\github\x-talker\wp-client\boghe\doubango\branches\2.0\doubango\tinysdp\debug\tinysdp.tlog\link.write.1.tlog
e:\github\x-talker\wp-client\boghe\doubango\branches\2.0\doubango\tinysdp\debug\tinysdp.tlog\rc.command.1.tlog
e:\github\x-talker\wp-client\boghe\doubango\branches\2.0\doubango\tinysdp\debug\tinysdp.tlog\rc.read.1.tlog
e:\github\x-talker\wp-client\boghe\doubango\branches\2.0\doubango\tinysdp\debug\tinysdp.tlog\rc.write.1.tlog
