e:\github\x-talker\wp-client\boghe\doubango\branches\2.0\doubango\plugins\plugindirectshow\debug\vc120.pdb
e:\github\x-talker\wp-client\boghe\doubango\branches\2.0\doubango\plugins\plugindirectshow\debug\vc120.idb
e:\github\x-talker\wp-client\boghe\doubango\branches\2.0\doubango\plugins\plugindirectshow\debug\dscaptureutils.obj
e:\github\x-talker\wp-client\boghe\doubango\branches\2.0\doubango\plugins\plugindirectshow\debug\dsdibhelper.obj
e:\github\x-talker\wp-client\boghe\doubango\branches\2.0\doubango\plugins\plugindirectshow\debug\dsdisplay.obj
e:\github\x-talker\wp-client\boghe\doubango\branches\2.0\doubango\plugins\plugindirectshow\debug\dsdisplaygraph.obj
e:\github\x-talker\wp-client\boghe\doubango\branches\2.0\doubango\plugins\plugindirectshow\debug\dsdisplayoverlay.obj
e:\github\x-talker\wp-client\boghe\doubango\branches\2.0\doubango\plugins\plugindirectshow\debug\dsdisplayoverlay.vmr.obj
e:\github\x-talker\wp-client\boghe\doubango\branches\2.0\doubango\plugins\plugindirectshow\debug\dsdisplayoverlay.vmr9.obj
e:\github\x-talker\wp-client\boghe\doubango\branches\2.0\doubango\plugins\plugindirectshow\debug\dsframeratefilter.obj
e:\github\x-talker\wp-client\boghe\doubango\branches\2.0\doubango\plugins\plugindirectshow\debug\dsoutputfilter.obj
e:\github\x-talker\wp-client\boghe\doubango\branches\2.0\doubango\plugins\plugindirectshow\debug\dsoutputstream.obj
e:\github\x-talker\wp-client\boghe\doubango\branches\2.0\doubango\plugins\plugindirectshow\debug\dspushsourcedesktop.obj
e:\github\x-talker\wp-client\boghe\doubango\branches\2.0\doubango\plugins\plugindirectshow\debug\resizer.obj
e:\github\x-talker\wp-client\boghe\doubango\branches\2.0\doubango\plugins\plugindirectshow\debug\videodisplayname.obj
e:\github\x-talker\wp-client\boghe\doubango\branches\2.0\doubango\plugins\plugindirectshow\debug\videograbbername.obj
e:\github\x-talker\wp-client\boghe\doubango\branches\2.0\doubango\plugins\plugindirectshow\debug\plugin_video_dshow_consumer.obj
e:\github\x-talker\wp-client\boghe\doubango\branches\2.0\doubango\plugins\plugindirectshow\debug\dllmain_dshow.obj
e:\github\x-talker\wp-client\boghe\doubango\branches\2.0\doubango\plugins\plugindirectshow\debug\dscaptureformat.obj
e:\github\x-talker\wp-client\boghe\doubango\branches\2.0\doubango\plugins\plugindirectshow\debug\plugindirectshow.tlog\cl.command.1.tlog
e:\github\x-talker\wp-client\boghe\doubango\branches\2.0\doubango\plugins\plugindirectshow\debug\plugindirectshow.tlog\cl.read.1.tlog
e:\github\x-talker\wp-client\boghe\doubango\branches\2.0\doubango\plugins\plugindirectshow\debug\plugindirectshow.tlog\cl.write.1.tlog
