e:\github\x-talker\wp-client\boghe\doubango\branches\2.0\doubango\tinymsrp\debug\vc120.pdb
e:\github\x-talker\wp-client\boghe\doubango\branches\2.0\doubango\tinymsrp\debug\vc120.idb
e:\github\x-talker\wp-client\boghe\doubango\branches\2.0\doubango\tinymsrp\debug\tmsrp_header_failure-report.obj
e:\github\x-talker\wp-client\boghe\doubango\branches\2.0\doubango\tinymsrp\debug\tmsrp_header_from-path.obj
e:\github\x-talker\wp-client\boghe\doubango\branches\2.0\doubango\tinymsrp\debug\tmsrp_header_max-expires.obj
e:\github\x-talker\wp-client\boghe\doubango\branches\2.0\doubango\tinymsrp\debug\tmsrp_header_message-id.obj
e:\github\x-talker\wp-client\boghe\doubango\branches\2.0\doubango\tinymsrp\debug\tmsrp_header_min-expires.obj
e:\github\x-talker\wp-client\boghe\doubango\branches\2.0\doubango\tinymsrp\debug\tmsrp_header_status.obj
e:\github\x-talker\wp-client\boghe\doubango\branches\2.0\doubango\tinymsrp\debug\tmsrp_header_success-report.obj
e:\github\x-talker\wp-client\boghe\doubango\branches\2.0\doubango\tinymsrp\debug\tmsrp_header_to-path.obj
e:\github\x-talker\wp-client\boghe\doubango\branches\2.0\doubango\tinymsrp\debug\tmsrp_header_use-path.obj
e:\github\x-talker\wp-client\boghe\doubango\branches\2.0\doubango\tinymsrp\debug\tmsrp_header_www-authenticate.obj
e:\github\x-talker\wp-client\boghe\doubango\branches\2.0\doubango\tinymsrp\debug\tmsrp_parser_message.obj
e:\github\x-talker\wp-client\boghe\doubango\branches\2.0\doubango\tinymsrp\debug\tmsrp_parser_uri.obj
e:\github\x-talker\wp-client\boghe\doubango\branches\2.0\doubango\tinymsrp\debug\tmsrp_config.obj
e:\github\x-talker\wp-client\boghe\doubango\branches\2.0\doubango\tinymsrp\debug\tmsrp_data.obj
e:\github\x-talker\wp-client\boghe\doubango\branches\2.0\doubango\tinymsrp\debug\tmsrp_receiver.obj
e:\github\x-talker\wp-client\boghe\doubango\branches\2.0\doubango\tinymsrp\debug\tmsrp_sender.obj
e:\github\x-talker\wp-client\boghe\doubango\branches\2.0\doubango\tinymsrp\debug\tmsrp.obj
e:\github\x-talker\wp-client\boghe\doubango\branches\2.0\doubango\tinymsrp\debug\tmsrp_event.obj
e:\github\x-talker\wp-client\boghe\doubango\branches\2.0\doubango\tinymsrp\debug\tmsrp_message.obj
e:\github\x-talker\wp-client\boghe\doubango\branches\2.0\doubango\tinymsrp\debug\tmsrp_uri.obj
e:\github\x-talker\wp-client\boghe\doubango\branches\2.0\doubango\tinymsrp\debug\tmsrp_header.obj
e:\github\x-talker\wp-client\boghe\doubango\branches\2.0\doubango\tinymsrp\debug\tmsrp_header_authentication-info.obj
e:\github\x-talker\wp-client\boghe\doubango\branches\2.0\doubango\tinymsrp\debug\tmsrp_header_authorization.obj
e:\github\x-talker\wp-client\boghe\doubango\branches\2.0\doubango\tinymsrp\debug\tmsrp_header_byte-range.obj
e:\github\x-talker\wp-client\boghe\doubango\branches\2.0\doubango\tinymsrp\debug\tmsrp_header_content-type.obj
e:\github\x-talker\wp-client\boghe\doubango\branches\2.0\doubango\tinymsrp\debug\tmsrp_header_dummy.obj
e:\github\x-talker\wp-client\boghe\doubango\branches\2.0\doubango\tinymsrp\debug\tmsrp_header_expires.obj
e:\github\x-talker\wp-client\boghe\boghe-read-only\branches\2.0\boghe\debug\tinymsrp.ilk
e:\github\x-talker\wp-client\boghe\boghe-read-only\branches\2.0\boghe\debug\tinymsrp.dll
e:\github\x-talker\wp-client\boghe\boghe-read-only\branches\2.0\boghe\debug\tinymsrp.pdb
e:\github\x-talker\wp-client\boghe\doubango\branches\2.0\doubango\tinymsrp\debug\version.res
e:\github\x-talker\wp-client\boghe\boghe-read-only\branches\2.0\boghe\debug\tinymsrp.lib
e:\github\x-talker\wp-client\boghe\boghe-read-only\branches\2.0\boghe\debug\tinymsrp.exp
e:\github\x-talker\wp-client\boghe\doubango\branches\2.0\doubango\tinymsrp\debug\tinymsrp.tlog\cl.command.1.tlog
e:\github\x-talker\wp-client\boghe\doubango\branches\2.0\doubango\tinymsrp\debug\tinymsrp.tlog\cl.read.1.tlog
e:\github\x-talker\wp-client\boghe\doubango\branches\2.0\doubango\tinymsrp\debug\tinymsrp.tlog\cl.write.1.tlog
e:\github\x-talker\wp-client\boghe\doubango\branches\2.0\doubango\tinymsrp\debug\tinymsrp.tlog\link.command.1.tlog
e:\github\x-talker\wp-client\boghe\doubango\branches\2.0\doubango\tinymsrp\debug\tinymsrp.tlog\link.read.1.tlog
e:\github\x-talker\wp-client\boghe\doubango\branches\2.0\doubango\tinymsrp\debug\tinymsrp.tlog\link.write.1.tlog
e:\github\x-talker\wp-client\boghe\doubango\branches\2.0\doubango\tinymsrp\debug\tinymsrp.tlog\rc.command.1.tlog
e:\github\x-talker\wp-client\boghe\doubango\branches\2.0\doubango\tinymsrp\debug\tinymsrp.tlog\rc.read.1.tlog
e:\github\x-talker\wp-client\boghe\doubango\branches\2.0\doubango\tinymsrp\debug\tinymsrp.tlog\rc.write.1.tlog
e:\github\x-talker\wp-client\boghe\doubango\branches\2.0\doubango\tinymsrp\debug\tinymsrp.tlog\tinymsrp.write.1u.tlog
