e:\github\x-talker\wp-client\boghe\boghe-read-only\branches\2.0\boghe\debug\backend\doubango_rt.backend.lib
e:\github\x-talker\wp-client\boghe\boghe-read-only\branches\2.0\boghe\debug\backend\doubango_rt.backend.exp
e:\github\x-talker\wp-client\boghe\boghe-read-only\branches\2.0\boghe\winrt\backend\win32\debug\vc110.pdb
e:\github\x-talker\wp-client\boghe\boghe-read-only\branches\2.0\boghe\winrt\backend\win32\debug\tbfcp_session.obj
e:\github\x-talker\wp-client\boghe\boghe-read-only\branches\2.0\boghe\winrt\backend\win32\debug\tdav_codec_h264_rtp.obj
e:\github\x-talker\wp-client\boghe\boghe-read-only\branches\2.0\boghe\winrt\backend\win32\debug\tdav_consumer_msrp.obj
e:\github\x-talker\wp-client\boghe\boghe-read-only\branches\2.0\boghe\winrt\backend\win32\debug\tdav_consumer_t140.obj
e:\github\x-talker\wp-client\boghe\boghe-read-only\branches\2.0\boghe\winrt\backend\win32\debug\thttp_challenge.obj
e:\github\x-talker\wp-client\boghe\boghe-read-only\branches\2.0\boghe\winrt\backend\win32\debug\thttp_message.obj
e:\github\x-talker\wp-client\boghe\boghe-read-only\branches\2.0\boghe\winrt\backend\win32\debug\tmedia_content_multipart.obj
e:\github\x-talker\wp-client\boghe\boghe-read-only\branches\2.0\boghe\winrt\backend\win32\debug\tmedia_content_sip_frag.obj
e:\github\x-talker\wp-client\boghe\boghe-read-only\branches\2.0\boghe\winrt\backend\win32\debug\tmedia.obj
e:\github\x-talker\wp-client\boghe\boghe-read-only\branches\2.0\boghe\winrt\backend\win32\debug\tmedia_vad.obj
e:\github\x-talker\wp-client\boghe\boghe-read-only\branches\2.0\boghe\winrt\backend\win32\debug\tmsrp_header_authentication-info.obj
e:\github\x-talker\wp-client\boghe\boghe-read-only\branches\2.0\boghe\winrt\backend\win32\debug\tmsrp_header_authorization.obj
e:\github\x-talker\wp-client\boghe\boghe-read-only\branches\2.0\boghe\winrt\backend\win32\debug\tmsrp_header_expires.obj
e:\github\x-talker\wp-client\boghe\boghe-read-only\branches\2.0\boghe\winrt\backend\win32\debug\tmsrp_header_from-path.obj
e:\github\x-talker\wp-client\boghe\boghe-read-only\branches\2.0\boghe\winrt\backend\win32\debug\tmsrp_header_success-report.obj
e:\github\x-talker\wp-client\boghe\boghe-read-only\branches\2.0\boghe\winrt\backend\win32\debug\tmsrp_parser_uri.obj
e:\github\x-talker\wp-client\boghe\boghe-read-only\branches\2.0\boghe\winrt\backend\win32\debug\tmsrp_event.obj
e:\github\x-talker\wp-client\boghe\boghe-read-only\branches\2.0\boghe\winrt\backend\win32\debug\tnet_dhcp6_option.obj
e:\github\x-talker\wp-client\boghe\boghe-read-only\branches\2.0\boghe\winrt\backend\win32\debug\tnet_dns_aaaa.obj
e:\github\x-talker\wp-client\boghe\boghe-read-only\branches\2.0\boghe\winrt\backend\win32\debug\tnet_dns_regexp.obj
e:\github\x-talker\wp-client\boghe\boghe-read-only\branches\2.0\boghe\winrt\backend\win32\debug\tnet_ice.obj
e:\github\x-talker\wp-client\boghe\boghe-read-only\branches\2.0\boghe\winrt\backend\win32\debug\tnet_ice_candidate.obj
e:\github\x-talker\wp-client\boghe\boghe-read-only\branches\2.0\boghe\winrt\backend\win32\debug\tnet_dtls.obj
e:\github\x-talker\wp-client\boghe\boghe-read-only\branches\2.0\boghe\winrt\backend\win32\debug\tnet_socket.obj
e:\github\x-talker\wp-client\boghe\boghe-read-only\branches\2.0\boghe\winrt\backend\win32\debug\trtp_rtcp_packet.obj
e:\github\x-talker\wp-client\boghe\boghe-read-only\branches\2.0\boghe\winrt\backend\win32\debug\trtp_rtcp_sdes_item.obj
e:\github\x-talker\wp-client\boghe\boghe-read-only\branches\2.0\boghe\winrt\backend\win32\debug\tsk.obj
e:\github\x-talker\wp-client\boghe\boghe-read-only\branches\2.0\boghe\winrt\backend\win32\debug\tsk_hmac.obj
e:\github\x-talker\wp-client\boghe\boghe-read-only\branches\2.0\boghe\winrt\backend\win32\debug\tsk_memory.obj
e:\github\x-talker\wp-client\boghe\boghe-read-only\branches\2.0\boghe\winrt\backend\win32\debug\tsk_params.obj
e:\github\x-talker\wp-client\boghe\boghe-read-only\branches\2.0\boghe\winrt\backend\win32\debug\tsk_ppfcs16.obj
e:\github\x-talker\wp-client\boghe\boghe-read-only\branches\2.0\boghe\winrt\backend\win32\debug\tsk_ppfcs32.obj
e:\github\x-talker\wp-client\boghe\boghe-read-only\branches\2.0\boghe\winrt\backend\win32\debug\tsk_ragel_state.obj
e:\github\x-talker\wp-client\boghe\boghe-read-only\branches\2.0\boghe\winrt\backend\win32\debug\tsk_semaphore.obj
e:\github\x-talker\wp-client\boghe\boghe-read-only\branches\2.0\boghe\winrt\backend\win32\debug\tsdp_header_s.obj
e:\github\x-talker\wp-client\boghe\boghe-read-only\branches\2.0\boghe\winrt\backend\win32\debug\adler32.obj
e:\github\x-talker\wp-client\boghe\boghe-read-only\branches\2.0\boghe\winrt\backend\win32\debug\tcomp_compartment.obj
e:\github\x-talker\wp-client\boghe\boghe-read-only\branches\2.0\boghe\winrt\backend\win32\debug\tcomp_dicts.obj
e:\github\x-talker\wp-client\boghe\boghe-read-only\branches\2.0\boghe\winrt\backend\win32\debug\tcomp_statehandler.obj
e:\github\x-talker\wp-client\boghe\boghe-read-only\branches\2.0\boghe\winrt\backend\win32\debug\zutil.obj
e:\github\x-talker\wp-client\boghe\boghe-read-only\branches\2.0\boghe\winrt\backend\win32\debug\tsip_api_publish.obj
e:\github\x-talker\wp-client\boghe\boghe-read-only\branches\2.0\boghe\winrt\backend\win32\debug\tsip_dialog_invite.obj
e:\github\x-talker\wp-client\boghe\boghe-read-only\branches\2.0\boghe\winrt\backend\win32\debug\tsip_dialog_register.obj
e:\github\x-talker\wp-client\boghe\boghe-read-only\branches\2.0\boghe\winrt\backend\win32\debug\tsip_header_alert_info.obj
e:\github\x-talker\wp-client\boghe\boghe-read-only\branches\2.0\boghe\winrt\backend\win32\debug\tsip_header_authentication_info.obj
e:\github\x-talker\wp-client\boghe\boghe-read-only\branches\2.0\boghe\winrt\backend\win32\debug\tsip_header_authorization.obj
e:\github\x-talker\wp-client\boghe\boghe-read-only\branches\2.0\boghe\winrt\backend\win32\debug\tsip_header_cseq.obj
e:\github\x-talker\wp-client\boghe\boghe-read-only\branches\2.0\boghe\winrt\backend\win32\debug\tsip_header_history_info.obj
e:\github\x-talker\wp-client\boghe\boghe-read-only\branches\2.0\boghe\winrt\backend\win32\debug\tsip_header_identity_info.obj
e:\github\x-talker\wp-client\boghe\boghe-read-only\branches\2.0\boghe\winrt\backend\win32\debug\tsip_header_max_forwards.obj
e:\github\x-talker\wp-client\boghe\boghe-read-only\branches\2.0\boghe\winrt\backend\win32\debug\tsip_header_proxy_authorization.obj
e:\github\x-talker\wp-client\boghe\boghe-read-only\branches\2.0\boghe\winrt\backend\win32\debug\tsip_header_p_called_party_id.obj
e:\github\x-talker\wp-client\boghe\boghe-read-only\branches\2.0\boghe\winrt\backend\win32\debug\tsip_header_p_dcs_billing_info.obj
e:\github\x-talker\wp-client\boghe\boghe-read-only\branches\2.0\boghe\winrt\backend\win32\debug\tsip_header_p_dcs_trace_party_id.obj
e:\github\x-talker\wp-client\boghe\boghe-read-only\branches\2.0\boghe\winrt\backend\win32\debug\tsip_header_p_preferred_identity.obj
e:\github\x-talker\wp-client\boghe\boghe-read-only\branches\2.0\boghe\winrt\backend\win32\debug\tsip_header_require.obj
e:\github\x-talker\wp-client\boghe\boghe-read-only\branches\2.0\boghe\winrt\backend\win32\debug\tsip_header_session_expires.obj
e:\github\x-talker\wp-client\boghe\boghe-read-only\branches\2.0\boghe\winrt\backend\win32\debug\tsip_header_target_dialog.obj
e:\github\x-talker\wp-client\boghe\boghe-read-only\branches\2.0\boghe\winrt\backend\win32\debug\tsip_header_timestamp.obj
e:\github\x-talker\wp-client\boghe\boghe-read-only\branches\2.0\boghe\winrt\backend\win32\debug\tsip_header_to.obj
e:\github\x-talker\wp-client\boghe\boghe-read-only\branches\2.0\boghe\winrt\backend\win32\debug\tsip_parser_header.obj
e:\github\x-talker\wp-client\boghe\boghe-read-only\branches\2.0\boghe\winrt\backend\win32\debug\tsip_transport_ipsec.obj
e:\github\x-talker\wp-client\boghe\boghe-read-only\branches\2.0\boghe\winrt\backend\win32\debug\tsms_tpdu_command.obj
e:\github\x-talker\wp-client\boghe\boghe-read-only\branches\2.0\boghe\winrt\backend\win32\debug\tsms_tpdu_status_report.obj
e:\github\x-talker\wp-client\boghe\boghe-read-only\branches\2.0\boghe\winrt\backend\win32\debug\tsms_address.obj
e:\github\x-talker\wp-client\boghe\boghe-read-only\branches\2.0\boghe\winrt\backend\win32\debug\txcap_auid.obj
e:\github\x-talker\wp-client\boghe\boghe-read-only\branches\2.0\boghe\winrt\backend\win32\debug\txcap_selector.obj
e:\github\x-talker\wp-client\boghe\boghe-read-only\branches\2.0\boghe\winrt\backend\win32\debug\tdav_consumer_audioqueue.obj
e:\github\x-talker\wp-client\boghe\boghe-read-only\branches\2.0\boghe\winrt\backend\win32\debug\tdav_producer_audiounit.obj
e:\github\x-talker\wp-client\boghe\boghe-read-only\branches\2.0\boghe\winrt\backend\win32\debug\tdav_producer_audio.obj
e:\github\x-talker\wp-client\boghe\boghe-read-only\branches\2.0\boghe\winrt\backend\win32\debug\tdav_webrtc_denoise.obj
e:\github\x-talker\wp-client\boghe\boghe-read-only\branches\2.0\boghe\winrt\backend\win32\debug\tdav_producer_waveapi.obj
e:\github\x-talker\wp-client\boghe\boghe-read-only\branches\2.0\boghe\winrt\backend\win32\debug\tdav_codec_bv16.obj
e:\github\x-talker\wp-client\boghe\boghe-read-only\branches\2.0\boghe\winrt\backend\win32\debug\tdav_codec_bv32.obj
e:\github\x-talker\wp-client\boghe\boghe-read-only\branches\2.0\boghe\winrt\backend\win32\debug\tdav_codec_dtmf.obj
e:\github\x-talker\wp-client\boghe\boghe-read-only\branches\2.0\boghe\winrt\backend\win32\debug\g711.obj
e:\github\x-talker\wp-client\boghe\boghe-read-only\branches\2.0\boghe\winrt\backend\win32\debug\g722_decode.obj
e:\github\x-talker\wp-client\boghe\boghe-read-only\branches\2.0\boghe\winrt\backend\win32\debug\tdav_codec_g722.obj
e:\github\x-talker\wp-client\boghe\boghe-read-only\branches\2.0\boghe\winrt\backend\win32\debug\tdav_codec_mp4ves.obj
e:\github\x-talker\wp-client\boghe\boghe-read-only\branches\2.0\boghe\winrt\backend\win32\debug\tdav_codec_theora.obj
e:\github\x-talker\wp-client\boghe\boghe-read-only\branches\2.0\boghe\winrt\backend\win32\debug\tdav_codec_vp8.obj
e:\github\x-talker\wp-client\boghe\boghe-read-only\branches\2.0\boghe\winrt\backend\win32\debug\tdav_session_t140.obj
e:\github\x-talker\wp-client\boghe\boghe-read-only\branches\2.0\boghe\winrt\backend\win32\debug\thttp_header_etag.obj
e:\github\x-talker\wp-client\boghe\boghe-read-only\branches\2.0\boghe\winrt\backend\win32\debug\thttp_header_transfer_encoding.obj
e:\github\x-talker\wp-client\boghe\boghe-read-only\branches\2.0\boghe\winrt\backend\win32\debug\thttp_action.obj
e:\github\x-talker\wp-client\boghe\boghe-read-only\branches\2.0\boghe\winrt\backend\win32\debug\tmedia_defaults.obj
e:\github\x-talker\wp-client\boghe\boghe-read-only\branches\2.0\boghe\winrt\backend\win32\debug\tmedia_qos.obj
e:\github\x-talker\wp-client\boghe\boghe-read-only\branches\2.0\boghe\winrt\backend\win32\debug\tmsrp_header_byte-range.obj
e:\github\x-talker\wp-client\boghe\boghe-read-only\branches\2.0\boghe\winrt\backend\win32\debug\tmsrp_header_dummy.obj
e:\github\x-talker\wp-client\boghe\boghe-read-only\branches\2.0\boghe\winrt\backend\win32\debug\tmsrp_header_message-id.obj
e:\github\x-talker\wp-client\boghe\boghe-read-only\branches\2.0\boghe\winrt\backend\win32\debug\tmsrp_header_to-path.obj
e:\github\x-talker\wp-client\boghe\boghe-read-only\branches\2.0\boghe\winrt\backend\win32\debug\tmsrp_config.obj
e:\github\x-talker\wp-client\boghe\boghe-read-only\branches\2.0\boghe\winrt\backend\win32\debug\tmsrp_message.obj
e:\github\x-talker\wp-client\boghe\boghe-read-only\branches\2.0\boghe\winrt\backend\win32\debug\tnet_dhcp.obj
e:\github\x-talker\wp-client\boghe\boghe-read-only\branches\2.0\boghe\winrt\backend\win32\debug\tnet_dns_message.obj
e:\github\x-talker\wp-client\boghe\boghe-read-only\branches\2.0\boghe\winrt\backend\win32\debug\tnet_dns_txt.obj
e:\github\x-talker\wp-client\boghe\boghe-read-only\branches\2.0\boghe\winrt\backend\win32\debug\tnet_stun_attribute.obj
e:\github\x-talker\wp-client\boghe\boghe-read-only\branches\2.0\boghe\winrt\backend\win32\debug\tnet_stun_pkt.obj
e:\github\x-talker\wp-client\boghe\boghe-read-only\branches\2.0\boghe\winrt\backend\win32\debug\tnet_turn.obj
e:\github\x-talker\wp-client\boghe\boghe-read-only\branches\2.0\boghe\winrt\backend\win32\debug\tnet_turn_attr.obj
e:\github\x-talker\wp-client\boghe\boghe-read-only\branches\2.0\boghe\winrt\backend\win32\debug\tnet_turn_attribute.obj
e:\github\x-talker\wp-client\boghe\boghe-read-only\branches\2.0\boghe\winrt\backend\win32\debug\tnet_turn_message.obj
e:\github\x-talker\wp-client\boghe\boghe-read-only\branches\2.0\boghe\winrt\backend\win32\debug\tnet_turn_session.obj
e:\github\x-talker\wp-client\boghe\boghe-read-only\branches\2.0\boghe\winrt\backend\win32\debug\tsk_buffer.obj
e:\github\x-talker\wp-client\boghe\boghe-read-only\branches\2.0\boghe\winrt\backend\win32\debug\tsk_list.obj
e:\github\x-talker\wp-client\boghe\boghe-read-only\branches\2.0\boghe\winrt\backend\win32\debug\tsk_options.obj
e:\github\x-talker\wp-client\boghe\boghe-read-only\branches\2.0\boghe\winrt\backend\win32\debug\tsk_plugin.obj
e:\github\x-talker\wp-client\boghe\boghe-read-only\branches\2.0\boghe\winrt\backend\win32\debug\tsdp_header_c.obj
e:\github\x-talker\wp-client\boghe\boghe-read-only\branches\2.0\boghe\winrt\backend\win32\debug\tsdp_header_m.obj
e:\github\x-talker\wp-client\boghe\boghe-read-only\branches\2.0\boghe\winrt\backend\win32\debug\tsdp_header_v.obj
e:\github\x-talker\wp-client\boghe\boghe-read-only\branches\2.0\boghe\winrt\backend\win32\debug\tcomp.obj
e:\github\x-talker\wp-client\boghe\boghe-read-only\branches\2.0\boghe\winrt\backend\win32\debug\tcomp_deflatedata.obj
e:\github\x-talker\wp-client\boghe\boghe-read-only\branches\2.0\boghe\winrt\backend\win32\debug\tcomp_manager.obj
e:\github\x-talker\wp-client\boghe\boghe-read-only\branches\2.0\boghe\winrt\backend\win32\debug\tcomp_udvm.nack.obj
e:\github\x-talker\wp-client\boghe\boghe-read-only\branches\2.0\boghe\winrt\backend\win32\debug\tsip_api_info.obj
e:\github\x-talker\wp-client\boghe\boghe-read-only\branches\2.0\boghe\winrt\backend\win32\debug\tsip_milenage.obj
e:\github\x-talker\wp-client\boghe\boghe-read-only\branches\2.0\boghe\winrt\backend\win32\debug\tsip_dialog_invite.conf.obj
e:\github\x-talker\wp-client\boghe\boghe-read-only\branches\2.0\boghe\winrt\backend\win32\debug\tsip_dialog_invite.hold.obj
e:\github\x-talker\wp-client\boghe\boghe-read-only\branches\2.0\boghe\winrt\backend\win32\debug\tsip_dialog_message.obj
e:\github\x-talker\wp-client\boghe\boghe-read-only\branches\2.0\boghe\winrt\backend\win32\debug\tsip_dialog_subscribe.server.obj
e:\github\x-talker\wp-client\boghe\boghe-read-only\branches\2.0\boghe\winrt\backend\win32\debug\tsip_header_accept_contact.obj
e:\github\x-talker\wp-client\boghe\boghe-read-only\branches\2.0\boghe\winrt\backend\win32\debug\tsip_header_accept_resource_priority.obj
e:\github\x-talker\wp-client\boghe\boghe-read-only\branches\2.0\boghe\winrt\backend\win32\debug\tsip_header_allow_events.obj
e:\github\x-talker\wp-client\boghe\boghe-read-only\branches\2.0\boghe\winrt\backend\win32\debug\tsip_header_content_disposition.obj
e:\github\x-talker\wp-client\boghe\boghe-read-only\branches\2.0\boghe\winrt\backend\win32\debug\tsip_header_content_language.obj
e:\github\x-talker\wp-client\boghe\boghe-read-only\branches\2.0\boghe\winrt\backend\win32\debug\tsip_header_date.obj
e:\github\x-talker\wp-client\boghe\boghe-read-only\branches\2.0\boghe\winrt\backend\win32\debug\tsip_header_identity.obj
e:\github\x-talker\wp-client\boghe\boghe-read-only\branches\2.0\boghe\winrt\backend\win32\debug\tsip_header_in_reply_to.obj
e:\github\x-talker\wp-client\boghe\boghe-read-only\branches\2.0\boghe\winrt\backend\win32\debug\tsip_header_mime_version.obj
e:\github\x-talker\wp-client\boghe\boghe-read-only\branches\2.0\boghe\winrt\backend\win32\debug\tsip_header_min_se.obj
e:\github\x-talker\wp-client\boghe\boghe-read-only\branches\2.0\boghe\winrt\backend\win32\debug\tsip_header_p_access_network_info.obj
e:\github\x-talker\wp-client\boghe\boghe-read-only\branches\2.0\boghe\winrt\backend\win32\debug\tsip_header_p_dcs_laes.obj
e:\github\x-talker\wp-client\boghe\boghe-read-only\branches\2.0\boghe\winrt\backend\win32\debug\tsip_header_p_dcs_redirect.obj
e:\github\x-talker\wp-client\boghe\boghe-read-only\branches\2.0\boghe\winrt\backend\win32\debug\tsip_header_p_profile_key.obj
e:\github\x-talker\wp-client\boghe\boghe-read-only\branches\2.0\boghe\winrt\backend\win32\debug\tsip_header_reason.obj
e:\github\x-talker\wp-client\boghe\boghe-read-only\branches\2.0\boghe\winrt\backend\win32\debug\tsip_header_refer_to.obj
e:\github\x-talker\wp-client\boghe\boghe-read-only\branches\2.0\boghe\winrt\backend\win32\debug\tsip_header_security_verify.obj
e:\github\x-talker\wp-client\boghe\boghe-read-only\branches\2.0\boghe\winrt\backend\win32\debug\tsip_transac_nist.obj
e:\github\x-talker\wp-client\boghe\boghe-read-only\branches\2.0\boghe\winrt\backend\win32\debug\tsip_ssession.obj
e:\github\x-talker\wp-client\boghe\boghe-read-only\branches\2.0\boghe\winrt\backend\win32\debug\tdav_audiounit.obj
e:\github\x-talker\wp-client\boghe\boghe-read-only\branches\2.0\boghe\winrt\backend\win32\debug\tdav_consumer_dsound.obj
e:\github\x-talker\wp-client\boghe\boghe-read-only\branches\2.0\boghe\winrt\backend\win32\debug\tdav_session_audio.obj
e:\github\x-talker\wp-client\boghe\boghe-read-only\branches\2.0\boghe\winrt\backend\win32\debug\tdav_producer_msrp.obj
e:\github\x-talker\wp-client\boghe\boghe-read-only\branches\2.0\boghe\winrt\backend\win32\debug\tdav_producer_t140.obj
e:\github\x-talker\wp-client\boghe\boghe-read-only\branches\2.0\boghe\winrt\backend\win32\debug\tdav_video_jb.obj
e:\github\x-talker\wp-client\boghe\boghe-read-only\branches\2.0\boghe\winrt\backend\win32\debug\thttp_header.obj
e:\github\x-talker\wp-client\boghe\boghe-read-only\branches\2.0\boghe\winrt\backend\win32\debug\thttp_header_content_type.obj
e:\github\x-talker\wp-client\boghe\boghe-read-only\branches\2.0\boghe\winrt\backend\win32\debug\thttp_header_sec_websocket_accept.obj
e:\github\x-talker\wp-client\boghe\boghe-read-only\branches\2.0\boghe\winrt\backend\win32\debug\thttp_header_www_authenticate.obj
e:\github\x-talker\wp-client\boghe\boghe-read-only\branches\2.0\boghe\winrt\backend\win32\debug\thttp_session.obj
e:\github\x-talker\wp-client\boghe\boghe-read-only\branches\2.0\boghe\winrt\backend\win32\debug\tmedia_params.obj
e:\github\x-talker\wp-client\boghe\boghe-read-only\branches\2.0\boghe\winrt\backend\win32\debug\tmsrp_header_www-authenticate.obj
e:\github\x-talker\wp-client\boghe\boghe-read-only\branches\2.0\boghe\winrt\backend\win32\debug\tmsrp_receiver.obj
e:\github\x-talker\wp-client\boghe\boghe-read-only\branches\2.0\boghe\winrt\backend\win32\debug\tnet_dhcp_option.obj
e:\github\x-talker\wp-client\boghe\boghe-read-only\branches\2.0\boghe\winrt\backend\win32\debug\tnet_dns_naptr.obj
e:\github\x-talker\wp-client\boghe\boghe-read-only\branches\2.0\boghe\winrt\backend\win32\debug\tnet_ice_ctx.obj
e:\github\x-talker\wp-client\boghe\boghe-read-only\branches\2.0\boghe\winrt\backend\win32\debug\tnet_tls.obj
e:\github\x-talker\wp-client\boghe\boghe-read-only\branches\2.0\boghe\winrt\backend\win32\debug\tnet_transport_win32.obj
e:\github\x-talker\wp-client\boghe\boghe-read-only\branches\2.0\boghe\winrt\backend\win32\debug\trtp_rtcp_report_sdes.obj
e:\github\x-talker\wp-client\boghe\boghe-read-only\branches\2.0\boghe\winrt\backend\win32\debug\trtp_rtp_packet.obj
e:\github\x-talker\wp-client\boghe\boghe-read-only\branches\2.0\boghe\winrt\backend\win32\debug\tsk_condwait.obj
e:\github\x-talker\wp-client\boghe\boghe-read-only\branches\2.0\boghe\winrt\backend\win32\debug\tsk_runnable.obj
e:\github\x-talker\wp-client\boghe\boghe-read-only\branches\2.0\boghe\winrt\backend\win32\debug\tsdp_header_o.obj
e:\github\x-talker\wp-client\boghe\boghe-read-only\branches\2.0\boghe\winrt\backend\win32\debug\tsdp.obj
e:\github\x-talker\wp-client\boghe\boghe-read-only\branches\2.0\boghe\winrt\backend\win32\debug\tcomp_decompressordisp.obj
e:\github\x-talker\wp-client\boghe\boghe-read-only\branches\2.0\boghe\winrt\backend\win32\debug\tcomp_reqfeed.obj
e:\github\x-talker\wp-client\boghe\boghe-read-only\branches\2.0\boghe\winrt\backend\win32\debug\tcomp_udvm.operands.obj
e:\github\x-talker\wp-client\boghe\boghe-read-only\branches\2.0\boghe\winrt\backend\win32\debug\tsip_api_options.obj
e:\github\x-talker\wp-client\boghe\boghe-read-only\branches\2.0\boghe\winrt\backend\win32\debug\tsip_dialog_info.obj
e:\github\x-talker\wp-client\boghe\boghe-read-only\branches\2.0\boghe\winrt\backend\win32\debug\tsip_dialog_invite.server.obj
e:\github\x-talker\wp-client\boghe\boghe-read-only\branches\2.0\boghe\winrt\backend\win32\debug\tsip_dialog_register.server.obj
e:\github\x-talker\wp-client\boghe\boghe-read-only\branches\2.0\boghe\winrt\backend\win32\debug\tsip_header_p_media_authorization.obj
e:\github\x-talker\wp-client\boghe\boghe-read-only\branches\2.0\boghe\winrt\backend\win32\debug\tsip_header_p_visited_network_id.obj
e:\github\x-talker\wp-client\boghe\boghe-read-only\branches\2.0\boghe\winrt\backend\win32\debug\tsip_header_refer_sub.obj
e:\github\x-talker\wp-client\boghe\boghe-read-only\branches\2.0\boghe\winrt\backend\win32\debug\tsip_header_security_server.obj
e:\github\x-talker\wp-client\boghe\boghe-read-only\branches\2.0\boghe\winrt\backend\win32\debug\tsip_transac_nict.obj
e:\github\x-talker\wp-client\boghe\boghe-read-only\branches\2.0\boghe\winrt\backend\win32\debug\tsip_event.obj
e:\github\x-talker\wp-client\boghe\boghe-read-only\branches\2.0\boghe\winrt\backend\win32\debug\tbfcp_pkt.obj
e:\github\x-talker\wp-client\boghe\boghe-read-only\branches\2.0\boghe\winrt\backend\win32\debug\tdav_speakup_jitterbuffer.obj
e:\github\x-talker\wp-client\boghe\boghe-read-only\branches\2.0\boghe\winrt\backend\win32\debug\tdav_speex_resampler.obj
e:\github\x-talker\wp-client\boghe\boghe-read-only\branches\2.0\boghe\winrt\backend\win32\debug\tdav_consumer_waveapi.obj
e:\github\x-talker\wp-client\boghe\boghe-read-only\branches\2.0\boghe\winrt\backend\win32\debug\tdav_codec_bfcp.obj
e:\github\x-talker\wp-client\boghe\boghe-read-only\branches\2.0\boghe\winrt\backend\win32\debug\tdav_codec_ulpfec.obj
e:\github\x-talker\wp-client\boghe\boghe-read-only\branches\2.0\boghe\winrt\backend\win32\debug\g722_encode.obj
e:\github\x-talker\wp-client\boghe\boghe-read-only\branches\2.0\boghe\winrt\backend\win32\debug\tdav_codec_g729.obj
e:\github\x-talker\wp-client\boghe\boghe-read-only\branches\2.0\boghe\winrt\backend\win32\debug\tdav_codec_h261.obj
e:\github\x-talker\wp-client\boghe\boghe-read-only\branches\2.0\boghe\winrt\backend\win32\debug\tdav_codec_h264.obj
e:\github\x-talker\wp-client\boghe\boghe-read-only\branches\2.0\boghe\winrt\backend\win32\debug\tdav_video_frame.obj
e:\github\x-talker\wp-client\boghe\boghe-read-only\branches\2.0\boghe\winrt\backend\win32\debug\tdav_consumer_video.obj
e:\github\x-talker\wp-client\boghe\boghe-read-only\branches\2.0\boghe\winrt\backend\win32\debug\tdav_runnable_video.obj
e:\github\x-talker\wp-client\boghe\boghe-read-only\branches\2.0\boghe\winrt\backend\win32\debug\tdav_session_video.obj
e:\github\x-talker\wp-client\boghe\boghe-read-only\branches\2.0\boghe\winrt\backend\win32\debug\tipsec.obj
e:\github\x-talker\wp-client\boghe\boghe-read-only\branches\2.0\boghe\winrt\backend\win32\debug\tmedia_content_cpim.obj
e:\github\x-talker\wp-client\boghe\boghe-read-only\branches\2.0\boghe\winrt\backend\win32\debug\tmedia_codec.obj
e:\github\x-talker\wp-client\boghe\boghe-read-only\branches\2.0\boghe\winrt\backend\win32\debug\tmedia_consumer.obj
e:\github\x-talker\wp-client\boghe\boghe-read-only\branches\2.0\boghe\winrt\backend\win32\debug\tmedia_imageattr.obj
e:\github\x-talker\wp-client\boghe\boghe-read-only\branches\2.0\boghe\winrt\backend\win32\debug\tmedia_session.obj
e:\github\x-talker\wp-client\boghe\boghe-read-only\branches\2.0\boghe\winrt\backend\win32\debug\tmsrp_uri.obj
e:\github\x-talker\wp-client\boghe\boghe-read-only\branches\2.0\boghe\winrt\backend\win32\debug\tnet_dhcp_message.obj
e:\github\x-talker\wp-client\boghe\boghe-read-only\branches\2.0\boghe\winrt\backend\win32\debug\tnet_dns_mx.obj
e:\github\x-talker\wp-client\boghe\boghe-read-only\branches\2.0\boghe\winrt\backend\win32\debug\tnet_dns_rr.obj
e:\github\x-talker\wp-client\boghe\boghe-read-only\branches\2.0\boghe\winrt\backend\win32\debug\tnet_stun_attr.obj
e:\github\x-talker\wp-client\boghe\boghe-read-only\branches\2.0\boghe\winrt\backend\win32\debug\tnet_nat.obj
e:\github\x-talker\wp-client\boghe\boghe-read-only\branches\2.0\boghe\winrt\backend\win32\debug\trtp_rtcp_report.obj
e:\github\x-talker\wp-client\boghe\boghe-read-only\branches\2.0\boghe\winrt\backend\win32\debug\trtp_rtcp_report_bye.obj
e:\github\x-talker\wp-client\boghe\boghe-read-only\branches\2.0\boghe\winrt\backend\win32\debug\trtp_rtcp_session.obj
e:\github\x-talker\wp-client\boghe\boghe-read-only\branches\2.0\boghe\winrt\backend\win32\debug\tsk_safeobj.obj
e:\github\x-talker\wp-client\boghe\boghe-read-only\branches\2.0\boghe\winrt\backend\win32\debug\tsk_sha1.obj
e:\github\x-talker\wp-client\boghe\boghe-read-only\branches\2.0\boghe\winrt\backend\win32\debug\tsk_uuid.obj
e:\github\x-talker\wp-client\boghe\boghe-read-only\branches\2.0\boghe\winrt\backend\win32\debug\tsdp_header_a.obj
e:\github\x-talker\wp-client\boghe\boghe-read-only\branches\2.0\boghe\winrt\backend\win32\debug\tsdp_header_e.obj
e:\github\x-talker\wp-client\boghe\boghe-read-only\branches\2.0\boghe\winrt\backend\win32\debug\tsdp_header_r.obj
e:\github\x-talker\wp-client\boghe\boghe-read-only\branches\2.0\boghe\winrt\backend\win32\debug\tsdp_message.obj
e:\github\x-talker\wp-client\boghe\boghe-read-only\branches\2.0\boghe\winrt\backend\win32\debug\tcomp_compressor_deflate.obj
e:\github\x-talker\wp-client\boghe\boghe-read-only\branches\2.0\boghe\winrt\backend\win32\debug\tcomp_message.obj
e:\github\x-talker\wp-client\boghe\boghe-read-only\branches\2.0\boghe\winrt\backend\win32\debug\tcomp_udvm.bytecopy.obj
e:\github\x-talker\wp-client\boghe\boghe-read-only\branches\2.0\boghe\winrt\backend\win32\debug\tsip_api_common.obj
e:\github\x-talker\wp-client\boghe\boghe-read-only\branches\2.0\boghe\winrt\backend\win32\debug\tsip_challenge.obj
e:\github\x-talker\wp-client\boghe\boghe-read-only\branches\2.0\boghe\winrt\backend\win32\debug\tsip_dialog_invite.qos.obj
e:\github\x-talker\wp-client\boghe\boghe-read-only\branches\2.0\boghe\winrt\backend\win32\debug\tsip_dialog_register.client.obj
e:\github\x-talker\wp-client\boghe\boghe-read-only\branches\2.0\boghe\winrt\backend\win32\debug\tsip_header_error_info.obj
e:\github\x-talker\wp-client\boghe\boghe-read-only\branches\2.0\boghe\winrt\backend\win32\debug\tsip_header_expires.obj
e:\github\x-talker\wp-client\boghe\boghe-read-only\branches\2.0\boghe\winrt\backend\win32\debug\tsip_header_path.obj
e:\github\x-talker\wp-client\boghe\boghe-read-only\branches\2.0\boghe\winrt\backend\win32\debug\tsip_header_p_answer_state.obj
e:\github\x-talker\wp-client\boghe\boghe-read-only\branches\2.0\boghe\winrt\backend\win32\debug\tsip_header_p_associated_uri.obj
e:\github\x-talker\wp-client\boghe\boghe-read-only\branches\2.0\boghe\winrt\backend\win32\debug\tsip_header_record_route.obj
e:\github\x-talker\wp-client\boghe\boghe-read-only\branches\2.0\boghe\winrt\backend\win32\debug\tsip_header_security_client.obj
e:\github\x-talker\wp-client\boghe\boghe-read-only\branches\2.0\boghe\winrt\backend\win32\debug\tsip_transac_layer.obj
e:\github\x-talker\wp-client\boghe\boghe-read-only\branches\2.0\boghe\winrt\backend\win32\debug\tsip.obj
e:\github\x-talker\wp-client\boghe\boghe-read-only\branches\2.0\boghe\winrt\backend\win32\debug\tdav_consumer_audiounit.obj
e:\github\x-talker\wp-client\boghe\boghe-read-only\branches\2.0\boghe\winrt\backend\win32\debug\tdav_consumer_audio.obj
e:\github\x-talker\wp-client\boghe\boghe-read-only\branches\2.0\boghe\winrt\backend\win32\debug\tdav_codec_ilbc.obj
e:\github\x-talker\wp-client\boghe\boghe-read-only\branches\2.0\boghe\winrt\backend\win32\debug\tdav_codec_t140.obj
e:\github\x-talker\wp-client\boghe\boghe-read-only\branches\2.0\boghe\winrt\backend\win32\debug\tdav_session_av.obj
e:\github\x-talker\wp-client\boghe\boghe-read-only\branches\2.0\boghe\winrt\backend\win32\debug\thttp_header_sec_websocket_protocol.obj
e:\github\x-talker\wp-client\boghe\boghe-read-only\branches\2.0\boghe\winrt\backend\win32\debug\thttp_parser_message.obj
e:\github\x-talker\wp-client\boghe\boghe-read-only\branches\2.0\boghe\winrt\backend\win32\debug\thttp_event.obj
e:\github\x-talker\wp-client\boghe\boghe-read-only\branches\2.0\boghe\winrt\backend\win32\debug\tmedia_denoise.obj
e:\github\x-talker\wp-client\boghe\boghe-read-only\branches\2.0\boghe\winrt\backend\win32\debug\tmedia_resampler.obj
e:\github\x-talker\wp-client\boghe\boghe-read-only\branches\2.0\boghe\winrt\backend\win32\debug\tmsrp_header.obj
e:\github\x-talker\wp-client\boghe\boghe-read-only\branches\2.0\boghe\winrt\backend\win32\debug\tmsrp_header_content-type.obj
e:\github\x-talker\wp-client\boghe\boghe-read-only\branches\2.0\boghe\winrt\backend\win32\debug\tmsrp_header_failure-report.obj
e:\github\x-talker\wp-client\boghe\boghe-read-only\branches\2.0\boghe\winrt\backend\win32\debug\tmsrp_header_min-expires.obj
e:\github\x-talker\wp-client\boghe\boghe-read-only\branches\2.0\boghe\winrt\backend\win32\debug\tmsrp_header_use-path.obj
e:\github\x-talker\wp-client\boghe\boghe-read-only\branches\2.0\boghe\winrt\backend\win32\debug\tmsrp_data.obj
e:\github\x-talker\wp-client\boghe\boghe-read-only\branches\2.0\boghe\winrt\backend\win32\debug\tnet_dhcp6_duid.obj
e:\github\x-talker\wp-client\boghe\boghe-read-only\branches\2.0\boghe\winrt\backend\win32\debug\tnet_dns.obj
e:\github\x-talker\wp-client\boghe\boghe-read-only\branches\2.0\boghe\winrt\backend\win32\debug\tnet_dns_soa.obj
e:\github\x-talker\wp-client\boghe\boghe-read-only\branches\2.0\boghe\winrt\backend\win32\debug\tnet_stun.obj
e:\github\x-talker\wp-client\boghe\boghe-read-only\branches\2.0\boghe\winrt\backend\win32\debug\tnet_stun_binding.obj
e:\github\x-talker\wp-client\boghe\boghe-read-only\branches\2.0\boghe\winrt\backend\win32\debug\tnet_endianness.obj
e:\github\x-talker\wp-client\boghe\boghe-read-only\branches\2.0\boghe\winrt\backend\win32\debug\tnet_transport.obj
e:\github\x-talker\wp-client\boghe\boghe-read-only\branches\2.0\boghe\winrt\backend\win32\debug\trtp_rtcp_report_rr.obj
e:\github\x-talker\wp-client\boghe\boghe-read-only\branches\2.0\boghe\winrt\backend\win32\debug\trtp_rtp_header.obj
e:\github\x-talker\wp-client\boghe\boghe-read-only\branches\2.0\boghe\winrt\backend\win32\debug\tsk_binaryutils.obj
e:\github\x-talker\wp-client\boghe\boghe-read-only\branches\2.0\boghe\winrt\backend\win32\debug\tsk_fsm.obj
e:\github\x-talker\wp-client\boghe\boghe-read-only\branches\2.0\boghe\winrt\backend\win32\debug\tsk_mutex.obj
e:\github\x-talker\wp-client\boghe\boghe-read-only\branches\2.0\boghe\winrt\backend\win32\debug\tsk_time.obj
e:\github\x-talker\wp-client\boghe\boghe-read-only\branches\2.0\boghe\winrt\backend\win32\debug\tsdp_header_z.obj
e:\github\x-talker\wp-client\boghe\boghe-read-only\branches\2.0\boghe\winrt\backend\win32\debug\tcomp_compressordata.obj
e:\github\x-talker\wp-client\boghe\boghe-read-only\branches\2.0\boghe\winrt\backend\win32\debug\tcomp_compressor_dummy.obj
e:\github\x-talker\wp-client\boghe\boghe-read-only\branches\2.0\boghe\winrt\backend\win32\debug\tcomp_nackinfo.obj
e:\github\x-talker\wp-client\boghe\boghe-read-only\branches\2.0\boghe\winrt\backend\win32\debug\tcomp_udvm.obj
e:\github\x-talker\wp-client\boghe\boghe-read-only\branches\2.0\boghe\winrt\backend\win32\debug\tsip_api_invite.obj
e:\github\x-talker\wp-client\boghe\boghe-read-only\branches\2.0\boghe\winrt\backend\win32\debug\tsip_dialog.obj
e:\github\x-talker\wp-client\boghe\boghe-read-only\branches\2.0\boghe\winrt\backend\win32\debug\tsip_dialog_invite.timers.obj
e:\github\x-talker\wp-client\boghe\boghe-read-only\branches\2.0\boghe\winrt\backend\win32\debug\tsip_dialog_subscribe.client.obj
e:\github\x-talker\wp-client\boghe\boghe-read-only\branches\2.0\boghe\winrt\backend\win32\debug\tsip_header_request_disposition.obj
e:\github\x-talker\wp-client\boghe\boghe-read-only\branches\2.0\boghe\winrt\backend\win32\debug\tsip_header_retry_after.obj
e:\github\x-talker\wp-client\boghe\boghe-read-only\branches\2.0\boghe\winrt\backend\win32\debug\tsip_header_server.obj
e:\github\x-talker\wp-client\boghe\boghe-read-only\branches\2.0\boghe\winrt\backend\win32\debug\tsip_header_subject.obj
e:\github\x-talker\wp-client\boghe\boghe-read-only\branches\2.0\boghe\winrt\backend\win32\debug\tsip_header_supported.obj
e:\github\x-talker\wp-client\boghe\boghe-read-only\branches\2.0\boghe\winrt\backend\win32\debug\tsip_header_www_authenticate.obj
e:\github\x-talker\wp-client\boghe\boghe-read-only\branches\2.0\boghe\winrt\backend\win32\debug\tsip_transac.obj
e:\github\x-talker\wp-client\boghe\boghe-read-only\branches\2.0\boghe\winrt\backend\win32\debug\tsip_transport_layer.obj
e:\github\x-talker\wp-client\boghe\boghe-read-only\branches\2.0\boghe\winrt\backend\win32\debug\tsms_packing.obj
e:\github\x-talker\wp-client\boghe\boghe-read-only\branches\2.0\boghe\winrt\backend\win32\debug\txcap_document.obj
e:\github\x-talker\wp-client\boghe\boghe-read-only\branches\2.0\boghe\winrt\backend\win32\debug\tbfcp_attr.obj
e:\github\x-talker\wp-client\boghe\boghe-read-only\branches\2.0\boghe\winrt\backend\win32\debug\tdav_speex_jitterbuffer.obj
e:\github\x-talker\wp-client\boghe\boghe-read-only\branches\2.0\boghe\winrt\backend\win32\debug\tdav_codec_amr.obj
e:\github\x-talker\wp-client\boghe\boghe-read-only\branches\2.0\boghe\winrt\backend\win32\debug\tdav_codec_red.obj
e:\github\x-talker\wp-client\boghe\boghe-read-only\branches\2.0\boghe\winrt\backend\win32\debug\tdav_codec_g711.obj
e:\github\x-talker\wp-client\boghe\boghe-read-only\branches\2.0\boghe\winrt\backend\win32\debug\tdav_codec_gsm.obj
e:\github\x-talker\wp-client\boghe\boghe-read-only\branches\2.0\boghe\winrt\backend\win32\debug\tdav_codec_speex.obj
e:\github\x-talker\wp-client\boghe\boghe-read-only\branches\2.0\boghe\winrt\backend\win32\debug\tdav.obj
e:\github\x-talker\wp-client\boghe\boghe-read-only\branches\2.0\boghe\winrt\backend\win32\debug\thttp_parser_url.obj
e:\github\x-talker\wp-client\boghe\boghe-read-only\branches\2.0\boghe\winrt\backend\win32\debug\thttp_dialog.obj
e:\github\x-talker\wp-client\boghe\boghe-read-only\branches\2.0\boghe\winrt\backend\win32\debug\tmedia_jitterbuffer.obj
e:\github\x-talker\wp-client\boghe\boghe-read-only\branches\2.0\boghe\winrt\backend\win32\debug\tmedia_session_dummy.obj
e:\github\x-talker\wp-client\boghe\boghe-read-only\branches\2.0\boghe\winrt\backend\win32\debug\tmsrp_sender.obj
e:\github\x-talker\wp-client\boghe\boghe-read-only\branches\2.0\boghe\winrt\backend\win32\debug\tnet_dhcp_option_sip.obj
e:\github\x-talker\wp-client\boghe\boghe-read-only\branches\2.0\boghe\winrt\backend\win32\debug\tnet_dns_ns.obj
e:\github\x-talker\wp-client\boghe\boghe-read-only\branches\2.0\boghe\winrt\backend\win32\debug\tnet_dns_ptr.obj
e:\github\x-talker\wp-client\boghe\boghe-read-only\branches\2.0\boghe\winrt\backend\win32\debug\tnet_ice_event.obj
e:\github\x-talker\wp-client\boghe\boghe-read-only\branches\2.0\boghe\winrt\backend\win32\debug\tnet_ice_utils.obj
e:\github\x-talker\wp-client\boghe\boghe-read-only\branches\2.0\boghe\winrt\backend\win32\debug\tnet.obj
e:\github\x-talker\wp-client\boghe\boghe-read-only\branches\2.0\boghe\winrt\backend\win32\debug\trtp_rtcp_header.obj
e:\github\x-talker\wp-client\boghe\boghe-read-only\branches\2.0\boghe\winrt\backend\win32\debug\trtp_rtcp_report_xr.obj
e:\github\x-talker\wp-client\boghe\boghe-read-only\branches\2.0\boghe\winrt\backend\win32\debug\trtp_rtcp_sdes_chunck.obj
e:\github\x-talker\wp-client\boghe\boghe-read-only\branches\2.0\boghe\winrt\backend\win32\debug\trtp_manager.obj
e:\github\x-talker\wp-client\boghe\boghe-read-only\branches\2.0\boghe\winrt\backend\win32\debug\tsk_xml.obj
e:\github\x-talker\wp-client\boghe\boghe-read-only\branches\2.0\boghe\winrt\backend\win32\debug\tsdp_header_b.obj
e:\github\x-talker\wp-client\boghe\boghe-read-only\branches\2.0\boghe\winrt\backend\win32\debug\tsdp_header_i.obj
e:\github\x-talker\wp-client\boghe\boghe-read-only\branches\2.0\boghe\winrt\backend\win32\debug\tsdp_header_p.obj
e:\github\x-talker\wp-client\boghe\boghe-read-only\branches\2.0\boghe\winrt\backend\win32\debug\tsdp_header_u.obj
e:\github\x-talker\wp-client\boghe\boghe-read-only\branches\2.0\boghe\winrt\backend\win32\debug\deflate.obj
e:\github\x-talker\wp-client\boghe\boghe-read-only\branches\2.0\boghe\winrt\backend\win32\debug\tcomp_deflatedata.ghost.obj
e:\github\x-talker\wp-client\boghe\boghe-read-only\branches\2.0\boghe\winrt\backend\win32\debug\tcomp_result.obj
e:\github\x-talker\wp-client\boghe\boghe-read-only\branches\2.0\boghe\winrt\backend\win32\debug\trees.obj
e:\github\x-talker\wp-client\boghe\boghe-read-only\branches\2.0\boghe\winrt\backend\win32\debug\tsip_api_message.obj
e:\github\x-talker\wp-client\boghe\boghe-read-only\branches\2.0\boghe\winrt\backend\win32\debug\tsip_rijndael.obj
e:\github\x-talker\wp-client\boghe\boghe-read-only\branches\2.0\boghe\winrt\backend\win32\debug\tsip_dialog_invite.ect.obj
e:\github\x-talker\wp-client\boghe\boghe-read-only\branches\2.0\boghe\winrt\backend\win32\debug\tsip_dialog_options.obj
e:\github\x-talker\wp-client\boghe\boghe-read-only\branches\2.0\boghe\winrt\backend\win32\debug\tsip_header.obj
e:\github\x-talker\wp-client\boghe\boghe-read-only\branches\2.0\boghe\winrt\backend\win32\debug\tsip_header_call_info.obj
e:\github\x-talker\wp-client\boghe\boghe-read-only\branches\2.0\boghe\winrt\backend\win32\debug\tsip_header_contact.obj
e:\github\x-talker\wp-client\boghe\boghe-read-only\branches\2.0\boghe\winrt\backend\win32\debug\tsip_header_dummy.obj
e:\github\x-talker\wp-client\boghe\boghe-read-only\branches\2.0\boghe\winrt\backend\win32\debug\tsip_header_join.obj
e:\github\x-talker\wp-client\boghe\boghe-read-only\branches\2.0\boghe\winrt\backend\win32\debug\tsip_header_min_expires.obj
e:\github\x-talker\wp-client\boghe\boghe-read-only\branches\2.0\boghe\winrt\backend\win32\debug\tsip_header_proxy_require.obj
e:\github\x-talker\wp-client\boghe\boghe-read-only\branches\2.0\boghe\winrt\backend\win32\debug\tsip_header_p_charging_vector.obj
e:\github\x-talker\wp-client\boghe\boghe-read-only\branches\2.0\boghe\winrt\backend\win32\debug\tsip_header_p_dcs_osps.obj
e:\github\x-talker\wp-client\boghe\boghe-read-only\branches\2.0\boghe\winrt\backend\win32\debug\tsip_header_p_early_media.obj
e:\github\x-talker\wp-client\boghe\boghe-read-only\branches\2.0\boghe\winrt\backend\win32\debug\tsip_header_p_user_database.obj
e:\github\x-talker\wp-client\boghe\boghe-read-only\branches\2.0\boghe\winrt\backend\win32\debug\tsip_header_referred_by.obj
e:\github\x-talker\wp-client\boghe\boghe-read-only\branches\2.0\boghe\winrt\backend\win32\debug\tsip_header_service_route.obj
e:\github\x-talker\wp-client\boghe\boghe-read-only\branches\2.0\boghe\winrt\backend\win32\debug\tsip_header_subscription_state.obj
e:\github\x-talker\wp-client\boghe\boghe-read-only\branches\2.0\boghe\winrt\backend\win32\debug\tsip_header_warning.obj
e:\github\x-talker\wp-client\boghe\boghe-read-only\branches\2.0\boghe\winrt\backend\win32\debug\tsip_sigcomp.obj
e:\github\x-talker\wp-client\boghe\boghe-read-only\branches\2.0\boghe\winrt\backend\win32\debug\tsip_transac_ist.obj
e:\github\x-talker\wp-client\boghe\boghe-read-only\branches\2.0\boghe\winrt\backend\win32\debug\tsip_transport_tls.obj
e:\github\x-talker\wp-client\boghe\boghe-read-only\branches\2.0\boghe\winrt\backend\win32\debug\tsip_action.obj
e:\github\x-talker\wp-client\boghe\boghe-read-only\branches\2.0\boghe\winrt\backend\win32\debug\tsip_timers.obj
e:\github\x-talker\wp-client\boghe\boghe-read-only\branches\2.0\boghe\winrt\backend\win32\debug\tsms_rpdu.obj
e:\github\x-talker\wp-client\boghe\boghe-read-only\branches\2.0\boghe\winrt\backend\win32\debug\tsms_tpdu_report.obj
e:\github\x-talker\wp-client\boghe\boghe-read-only\branches\2.0\boghe\winrt\backend\win32\debug\tsms.obj
e:\github\x-talker\wp-client\boghe\boghe-read-only\branches\2.0\boghe\winrt\backend\win32\debug\tsms_common.obj
e:\github\x-talker\wp-client\boghe\boghe-read-only\branches\2.0\boghe\winrt\backend\win32\debug\txcap_action.obj
e:\github\x-talker\wp-client\boghe\boghe-read-only\branches\2.0\boghe\winrt\backend\win32\debug\tdav_producer_audioqueue.obj
e:\github\x-talker\wp-client\boghe\boghe-read-only\branches\2.0\boghe\winrt\backend\win32\debug\tdav_producer_dsound.obj
e:\github\x-talker\wp-client\boghe\boghe-read-only\branches\2.0\boghe\winrt\backend\win32\debug\tdav_jitterbuffer.obj
e:\github\x-talker\wp-client\boghe\boghe-read-only\branches\2.0\boghe\winrt\backend\win32\debug\tdav_speex_denoise.obj
e:\github\x-talker\wp-client\boghe\boghe-read-only\branches\2.0\boghe\winrt\backend\win32\debug\tdav_session_bfcp.obj
e:\github\x-talker\wp-client\boghe\boghe-read-only\branches\2.0\boghe\winrt\backend\win32\debug\tdav_win32.obj
e:\github\x-talker\wp-client\boghe\boghe-read-only\branches\2.0\boghe\winrt\backend\win32\debug\thttp_auth.obj
e:\github\x-talker\wp-client\boghe\boghe-read-only\branches\2.0\boghe\winrt\backend\win32\debug\thttp_header_authorization.obj
e:\github\x-talker\wp-client\boghe\boghe-read-only\branches\2.0\boghe\winrt\backend\win32\debug\thttp_header_sec_websocket_key.obj
e:\github\x-talker\wp-client\boghe\boghe-read-only\branches\2.0\boghe\winrt\backend\win32\debug\thttp_parser_header.obj
e:\github\x-talker\wp-client\boghe\boghe-read-only\branches\2.0\boghe\winrt\backend\win32\debug\thttp_url.obj
e:\github\x-talker\wp-client\boghe\boghe-read-only\branches\2.0\boghe\winrt\backend\win32\debug\tmedia_content.obj
e:\github\x-talker\wp-client\boghe\boghe-read-only\branches\2.0\boghe\winrt\backend\win32\debug\tmedia_codec_dummy.obj
e:\github\x-talker\wp-client\boghe\boghe-read-only\branches\2.0\boghe\winrt\backend\win32\debug\tmedia_common.obj
e:\github\x-talker\wp-client\boghe\boghe-read-only\branches\2.0\boghe\winrt\backend\win32\debug\tmsrp_header_max-expires.obj
e:\github\x-talker\wp-client\boghe\boghe-read-only\branches\2.0\boghe\winrt\backend\win32\debug\tmsrp_header_status.obj
e:\github\x-talker\wp-client\boghe\boghe-read-only\branches\2.0\boghe\winrt\backend\win32\debug\tmsrp_parser_message.obj
e:\github\x-talker\wp-client\boghe\boghe-read-only\branches\2.0\boghe\winrt\backend\win32\debug\tnet_dhcp6.obj
e:\github\x-talker\wp-client\boghe\boghe-read-only\branches\2.0\boghe\winrt\backend\win32\debug\tnet_dns_a.obj
e:\github\x-talker\wp-client\boghe\boghe-read-only\branches\2.0\boghe\winrt\backend\win32\debug\tnet_dns_opt.obj
e:\github\x-talker\wp-client\boghe\boghe-read-only\branches\2.0\boghe\winrt\backend\win32\debug\tnet_dns_srv.obj
e:\github\x-talker\wp-client\boghe\boghe-read-only\branches\2.0\boghe\winrt\backend\win32\debug\tnet_ice_pair.obj
e:\github\x-talker\wp-client\boghe\boghe-read-only\branches\2.0\boghe\winrt\backend\win32\debug\tnet_auth.obj
e:\github\x-talker\wp-client\boghe\boghe-read-only\branches\2.0\boghe\winrt\backend\win32\debug\tnet_transport_cfsocket.obj
e:\github\x-talker\wp-client\boghe\boghe-read-only\branches\2.0\boghe\winrt\backend\win32\debug\trtp_rtcp_rblock.obj
e:\github\x-talker\wp-client\boghe\boghe-read-only\branches\2.0\boghe\winrt\backend\win32\debug\trtp_rtcp_report_sr.obj
e:\github\x-talker\wp-client\boghe\boghe-read-only\branches\2.0\boghe\winrt\backend\win32\debug\trtp.obj
e:\github\x-talker\wp-client\boghe\boghe-read-only\branches\2.0\boghe\winrt\backend\win32\debug\tsk_base64.obj
e:\github\x-talker\wp-client\boghe\boghe-read-only\branches\2.0\boghe\winrt\backend\win32\debug\tsk_debug.obj
e:\github\x-talker\wp-client\boghe\boghe-read-only\branches\2.0\boghe\winrt\backend\win32\debug\tsk_md5.obj
e:\github\x-talker\wp-client\boghe\boghe-read-only\branches\2.0\boghe\winrt\backend\win32\debug\tsk_object.obj
e:\github\x-talker\wp-client\boghe\boghe-read-only\branches\2.0\boghe\winrt\backend\win32\debug\tsk_timer.obj
e:\github\x-talker\wp-client\boghe\boghe-read-only\branches\2.0\boghe\winrt\backend\win32\debug\tsdp_parser_message.obj
e:\github\x-talker\wp-client\boghe\boghe-read-only\branches\2.0\boghe\winrt\backend\win32\debug\tcomp_compressordisp.obj
e:\github\x-talker\wp-client\boghe\boghe-read-only\branches\2.0\boghe\winrt\backend\win32\debug\tcomp_params.obj
e:\github\x-talker\wp-client\boghe\boghe-read-only\branches\2.0\boghe\winrt\backend\win32\debug\tcomp_udvm.instructions.obj
e:\github\x-talker\wp-client\boghe\boghe-read-only\branches\2.0\boghe\winrt\backend\win32\debug\tsip_api_subscribe.obj
e:\github\x-talker\wp-client\boghe\boghe-read-only\branches\2.0\boghe\winrt\backend\win32\debug\tsip_dialog_invite.cdiv.obj
e:\github\x-talker\wp-client\boghe\boghe-read-only\branches\2.0\boghe\winrt\backend\win32\debug\tsip_dialog_invite.ice.obj
e:\github\x-talker\wp-client\boghe\boghe-read-only\branches\2.0\boghe\winrt\backend\win32\debug\tsip_dialog_publish.client.obj
e:\github\x-talker\wp-client\boghe\boghe-read-only\branches\2.0\boghe\winrt\backend\win32\debug\tsip_header_accept.obj
e:\github\x-talker\wp-client\boghe\boghe-read-only\branches\2.0\boghe\winrt\backend\win32\debug\tsip_header_call_id.obj
e:\github\x-talker\wp-client\boghe\boghe-read-only\branches\2.0\boghe\winrt\backend\win32\debug\tsip_header_content_type.obj
e:\github\x-talker\wp-client\boghe\boghe-read-only\branches\2.0\boghe\winrt\backend\win32\debug\tsip_header_from.obj
e:\github\x-talker\wp-client\boghe\boghe-read-only\branches\2.0\boghe\winrt\backend\win32\debug\tsip_header_priority.obj
e:\github\x-talker\wp-client\boghe\boghe-read-only\branches\2.0\boghe\winrt\backend\win32\debug\tsip_header_proxy_authenticate.obj
e:\github\x-talker\wp-client\boghe\boghe-read-only\branches\2.0\boghe\winrt\backend\win32\debug\tsip_header_p_charging_function_addresses.obj
e:\github\x-talker\wp-client\boghe\boghe-read-only\branches\2.0\boghe\winrt\backend\win32\debug\tsip_header_reject_contact.obj
e:\github\x-talker\wp-client\boghe\boghe-read-only\branches\2.0\boghe\winrt\backend\win32\debug\tsip_header_replaces.obj
e:\github\x-talker\wp-client\boghe\boghe-read-only\branches\2.0\boghe\winrt\backend\win32\debug\tsip_header_reply_to.obj
e:\github\x-talker\wp-client\boghe\boghe-read-only\branches\2.0\boghe\winrt\backend\win32\debug\tsip_header_resource_priority.obj
e:\github\x-talker\wp-client\boghe\boghe-read-only\branches\2.0\boghe\winrt\backend\win32\debug\tsip_header_route.obj
e:\github\x-talker\wp-client\boghe\boghe-read-only\branches\2.0\boghe\winrt\backend\win32\debug\tsip_header_sip_if_match.obj
e:\github\x-talker\wp-client\boghe\boghe-read-only\branches\2.0\boghe\winrt\backend\win32\debug\tsip_header_via.obj
e:\github\x-talker\wp-client\boghe\boghe-read-only\branches\2.0\boghe\winrt\backend\win32\debug\tsip_parser_uri.obj
e:\github\x-talker\wp-client\boghe\boghe-read-only\branches\2.0\boghe\winrt\backend\win32\debug\tsip_transac_ict.obj
e:\github\x-talker\wp-client\boghe\boghe-read-only\branches\2.0\boghe\winrt\backend\win32\debug\tsip_message.obj
e:\github\x-talker\wp-client\boghe\boghe-read-only\branches\2.0\boghe\winrt\backend\win32\debug\txcap_node.obj
e:\github\x-talker\wp-client\boghe\boghe-read-only\branches\2.0\boghe\winrt\backend\win32\debug\tbfcp_utils.obj
e:\github\x-talker\wp-client\boghe\boghe-read-only\branches\2.0\boghe\winrt\backend\win32\debug\tdav_codec_h263.obj
e:\github\x-talker\wp-client\boghe\boghe-read-only\branches\2.0\boghe\winrt\backend\win32\debug\tdav_codec_msrp.obj
e:\github\x-talker\wp-client\boghe\boghe-read-only\branches\2.0\boghe\winrt\backend\win32\debug\tdav_session_msrp.obj
e:\github\x-talker\wp-client\boghe\boghe-read-only\branches\2.0\boghe\winrt\backend\win32\debug\thttp_header_content_length.obj
e:\github\x-talker\wp-client\boghe\boghe-read-only\branches\2.0\boghe\winrt\backend\win32\debug\thttp_header_dummy.obj
e:\github\x-talker\wp-client\boghe\boghe-read-only\branches\2.0\boghe\winrt\backend\win32\debug\thttp_header_sec_websocket_version.obj
e:\github\x-talker\wp-client\boghe\boghe-read-only\branches\2.0\boghe\winrt\backend\win32\debug\thttp.obj
e:\github\x-talker\wp-client\boghe\boghe-read-only\branches\2.0\boghe\winrt\backend\win32\debug\tmedia_converter_video.obj
e:\github\x-talker\wp-client\boghe\boghe-read-only\branches\2.0\boghe\winrt\backend\win32\debug\tmedia_producer.obj
e:\github\x-talker\wp-client\boghe\boghe-read-only\branches\2.0\boghe\winrt\backend\win32\debug\tmedia_session_ghost.obj
e:\github\x-talker\wp-client\boghe\boghe-read-only\branches\2.0\boghe\winrt\backend\win32\debug\tmsrp.obj
e:\github\x-talker\wp-client\boghe\boghe-read-only\branches\2.0\boghe\winrt\backend\win32\debug\tnet_dhcp6_message.obj
e:\github\x-talker\wp-client\boghe\boghe-read-only\branches\2.0\boghe\winrt\backend\win32\debug\tnet_dns_cname.obj
e:\github\x-talker\wp-client\boghe\boghe-read-only\branches\2.0\boghe\winrt\backend\win32\debug\tnet_dns_resolvconf.obj
e:\github\x-talker\wp-client\boghe\boghe-read-only\branches\2.0\boghe\winrt\backend\win32\debug\tnet_stun_message.obj
e:\github\x-talker\wp-client\boghe\boghe-read-only\branches\2.0\boghe\winrt\backend\win32\debug\tnet_stun_utils.obj
e:\github\x-talker\wp-client\boghe\boghe-read-only\branches\2.0\boghe\winrt\backend\win32\debug\tnet_poll.obj
e:\github\x-talker\wp-client\boghe\boghe-read-only\branches\2.0\boghe\winrt\backend\win32\debug\tnet_transport_poll.obj
e:\github\x-talker\wp-client\boghe\boghe-read-only\branches\2.0\boghe\winrt\backend\win32\debug\trtp_rtcp_report_fb.obj
e:\github\x-talker\wp-client\boghe\boghe-read-only\branches\2.0\boghe\winrt\backend\win32\debug\trtp_rtp_session.obj
e:\github\x-talker\wp-client\boghe\boghe-read-only\branches\2.0\boghe\winrt\backend\win32\debug\trtp_srtp.obj
e:\github\x-talker\wp-client\boghe\boghe-read-only\branches\2.0\boghe\winrt\backend\win32\debug\tsk_url.obj
e:\github\x-talker\wp-client\boghe\boghe-read-only\branches\2.0\boghe\winrt\backend\win32\debug\tsdp_header.obj
e:\github\x-talker\wp-client\boghe\boghe-read-only\branches\2.0\boghe\winrt\backend\win32\debug\tsdp_header_dummy.obj
e:\github\x-talker\wp-client\boghe\boghe-read-only\branches\2.0\boghe\winrt\backend\win32\debug\tsdp_header_k.obj
e:\github\x-talker\wp-client\boghe\boghe-read-only\branches\2.0\boghe\winrt\backend\win32\debug\tsdp_header_t.obj
e:\github\x-talker\wp-client\boghe\boghe-read-only\branches\2.0\boghe\winrt\backend\win32\debug\compress.obj
e:\github\x-talker\wp-client\boghe\boghe-read-only\branches\2.0\boghe\winrt\backend\win32\debug\tcomp_buffer.obj
e:\github\x-talker\wp-client\boghe\boghe-read-only\branches\2.0\boghe\winrt\backend\win32\debug\tcomp_deflatedata.zlib.obj
e:\github\x-talker\wp-client\boghe\boghe-read-only\branches\2.0\boghe\winrt\backend\win32\debug\tcomp_state.obj
e:\github\x-talker\wp-client\boghe\boghe-read-only\branches\2.0\boghe\winrt\backend\win32\debug\tcomp_udvm.statemanagment.obj
e:\github\x-talker\wp-client\boghe\boghe-read-only\branches\2.0\boghe\winrt\backend\win32\debug\tsip_api_register.obj
e:\github\x-talker\wp-client\boghe\boghe-read-only\branches\2.0\boghe\winrt\backend\win32\debug\tsip_dialog_invite.client.obj
e:\github\x-talker\wp-client\boghe\boghe-read-only\branches\2.0\boghe\winrt\backend\win32\debug\tsip_dialog_layer.obj
e:\github\x-talker\wp-client\boghe\boghe-read-only\branches\2.0\boghe\winrt\backend\win32\debug\tsip_header_accept_encoding.obj
e:\github\x-talker\wp-client\boghe\boghe-read-only\branches\2.0\boghe\winrt\backend\win32\debug\tsip_header_accept_language.obj
e:\github\x-talker\wp-client\boghe\boghe-read-only\branches\2.0\boghe\winrt\backend\win32\debug\tsip_header_allow.obj
e:\github\x-talker\wp-client\boghe\boghe-read-only\branches\2.0\boghe\winrt\backend\win32\debug\tsip_header_content_encoding.obj
e:\github\x-talker\wp-client\boghe\boghe-read-only\branches\2.0\boghe\winrt\backend\win32\debug\tsip_header_content_length.obj
e:\github\x-talker\wp-client\boghe\boghe-read-only\branches\2.0\boghe\winrt\backend\win32\debug\tsip_header_event.obj
e:\github\x-talker\wp-client\boghe\boghe-read-only\branches\2.0\boghe\winrt\backend\win32\debug\tsip_header_organization.obj
e:\github\x-talker\wp-client\boghe\boghe-read-only\branches\2.0\boghe\winrt\backend\win32\debug\tsip_header_privacy.obj
e:\github\x-talker\wp-client\boghe\boghe-read-only\branches\2.0\boghe\winrt\backend\win32\debug\tsip_header_p_asserted_identity.obj
e:\github\x-talker\wp-client\boghe\boghe-read-only\branches\2.0\boghe\winrt\backend\win32\debug\tsip_header_rack.obj
e:\github\x-talker\wp-client\boghe\boghe-read-only\branches\2.0\boghe\winrt\backend\win32\debug\tsip_header_rseq.obj
e:\github\x-talker\wp-client\boghe\boghe-read-only\branches\2.0\boghe\winrt\backend\win32\debug\tsip_header_sip_etag.obj
e:\github\x-talker\wp-client\boghe\boghe-read-only\branches\2.0\boghe\winrt\backend\win32\debug\tsip_header_unsupported.obj
e:\github\x-talker\wp-client\boghe\boghe-read-only\branches\2.0\boghe\winrt\backend\win32\debug\tsip_header_user_agent.obj
e:\github\x-talker\wp-client\boghe\boghe-read-only\branches\2.0\boghe\winrt\backend\win32\debug\tsip_parser_message.obj
e:\github\x-talker\wp-client\boghe\boghe-read-only\branches\2.0\boghe\winrt\backend\win32\debug\tsip_transport.obj
e:\github\x-talker\wp-client\boghe\boghe-read-only\branches\2.0\boghe\winrt\backend\win32\debug\tsip_uri.obj
e:\github\x-talker\wp-client\boghe\boghe-read-only\branches\2.0\boghe\winrt\backend\win32\debug\tsms_tpdu_deliver.obj
e:\github\x-talker\wp-client\boghe\boghe-read-only\branches\2.0\boghe\winrt\backend\win32\debug\tsms_tpdu_submit.obj
e:\github\x-talker\wp-client\boghe\boghe-read-only\branches\2.0\boghe\winrt\backend\win32\debug\txcap.obj
e:\github\x-talker\wp-client\boghe\boghe-read-only\branches\2.0\boghe\winrt\backend\win32\debug\tdav_codec_h264_cuda.obj
e:\github\x-talker\wp-client\boghe\boghe-read-only\branches\2.0\boghe\winrt\backend\win32\debug\tdav_converter_video.obj
e:\github\x-talker\wp-client\boghe\boghe-read-only\branches\2.0\boghe\debug\backend\doubango_rt.backend.ilk
e:\github\x-talker\wp-client\boghe\boghe-read-only\branches\2.0\boghe\debug\backend\doubango_rt.backend.dll
e:\github\x-talker\wp-client\boghe\boghe-read-only\branches\2.0\boghe\debug\backend\doubango_rt.backend.winmd
e:\github\x-talker\wp-client\boghe\boghe-read-only\branches\2.0\boghe\debug\backend\doubango_rt.backend.pdb
e:\github\x-talker\wp-client\boghe\boghe-read-only\branches\2.0\boghe\winrt\backend\win32\debug\backend.vcxprojresolveassemblyreference.cache
e:\github\x-talker\wp-client\boghe\boghe-read-only\branches\2.0\boghe\winrt\backend\win32\debug\actionconfig.obj
e:\github\x-talker\wp-client\boghe\boghe-read-only\branches\2.0\boghe\winrt\backend\win32\debug\apilock.obj
e:\github\x-talker\wp-client\boghe\boghe-read-only\branches\2.0\boghe\winrt\backend\win32\debug\audioresampler.obj
e:\github\x-talker\wp-client\boghe\boghe-read-only\branches\2.0\boghe\winrt\backend\win32\debug\ddebug.obj
e:\github\x-talker\wp-client\boghe\boghe-read-only\branches\2.0\boghe\winrt\backend\win32\debug\globals.obj
e:\github\x-talker\wp-client\boghe\boghe-read-only\branches\2.0\boghe\winrt\backend\win32\debug\mediacontent.obj
e:\github\x-talker\wp-client\boghe\boghe-read-only\branches\2.0\boghe\winrt\backend\win32\debug\mediasessionmgr.obj
e:\github\x-talker\wp-client\boghe\boghe-read-only\branches\2.0\boghe\winrt\backend\win32\debug\msrp.obj
e:\github\x-talker\wp-client\boghe\boghe-read-only\branches\2.0\boghe\winrt\backend\win32\debug\proxyconsumer.obj
e:\github\x-talker\wp-client\boghe\boghe-read-only\branches\2.0\boghe\winrt\backend\win32\debug\proxypluginmgr.obj
e:\github\x-talker\wp-client\boghe\boghe-read-only\branches\2.0\boghe\winrt\backend\win32\debug\proxyproducer.obj
e:\github\x-talker\wp-client\boghe\boghe-read-only\branches\2.0\boghe\winrt\backend\win32\debug\rt_actionconfig.obj
e:\github\x-talker\wp-client\boghe\boghe-read-only\branches\2.0\boghe\winrt\backend\win32\debug\rt_ddebug.obj
e:\github\x-talker\wp-client\boghe\boghe-read-only\branches\2.0\boghe\winrt\backend\win32\debug\rt_enums.obj
e:\github\x-talker\wp-client\boghe\boghe-read-only\branches\2.0\boghe\winrt\backend\win32\debug\rt_mediacontent.obj
e:\github\x-talker\wp-client\boghe\boghe-read-only\branches\2.0\boghe\winrt\backend\win32\debug\rt_mediasessionmgr.obj
e:\github\x-talker\wp-client\boghe\boghe-read-only\branches\2.0\boghe\winrt\backend\win32\debug\rt_msrp.obj
e:\github\x-talker\wp-client\boghe\boghe-read-only\branches\2.0\boghe\winrt\backend\win32\debug\rt_sipcallback.obj
e:\github\x-talker\wp-client\boghe\boghe-read-only\branches\2.0\boghe\winrt\backend\win32\debug\rt_sipevent.obj
e:\github\x-talker\wp-client\boghe\boghe-read-only\branches\2.0\boghe\winrt\backend\win32\debug\rt_sipmessage.obj
e:\github\x-talker\wp-client\boghe\boghe-read-only\branches\2.0\boghe\winrt\backend\win32\debug\rt_sipsession.obj
e:\github\x-talker\wp-client\boghe\boghe-read-only\branches\2.0\boghe\winrt\backend\win32\debug\rt_sipstack.obj
e:\github\x-talker\wp-client\boghe\boghe-read-only\branches\2.0\boghe\winrt\backend\win32\debug\rt_sipuri.obj
e:\github\x-talker\wp-client\boghe\boghe-read-only\branches\2.0\boghe\winrt\backend\win32\debug\rt_smsencoder.obj
e:\github\x-talker\wp-client\boghe\boghe-read-only\branches\2.0\boghe\winrt\backend\win32\debug\rt_string.obj
e:\github\x-talker\wp-client\boghe\boghe-read-only\branches\2.0\boghe\winrt\backend\win32\debug\rt_xcap.obj
e:\github\x-talker\wp-client\boghe\boghe-read-only\branches\2.0\boghe\winrt\backend\win32\debug\safeobject.obj
e:\github\x-talker\wp-client\boghe\boghe-read-only\branches\2.0\boghe\winrt\backend\win32\debug\server.obj
e:\github\x-talker\wp-client\boghe\boghe-read-only\branches\2.0\boghe\winrt\backend\win32\debug\sipcallback.obj
e:\github\x-talker\wp-client\boghe\boghe-read-only\branches\2.0\boghe\winrt\backend\win32\debug\sipevent.obj
e:\github\x-talker\wp-client\boghe\boghe-read-only\branches\2.0\boghe\winrt\backend\win32\debug\sipmessage.obj
e:\github\x-talker\wp-client\boghe\boghe-read-only\branches\2.0\boghe\winrt\backend\win32\debug\sipservice.obj
e:\github\x-talker\wp-client\boghe\boghe-read-only\branches\2.0\boghe\winrt\backend\win32\debug\sipsession.obj
e:\github\x-talker\wp-client\boghe\boghe-read-only\branches\2.0\boghe\winrt\backend\win32\debug\sipstack.obj
e:\github\x-talker\wp-client\boghe\boghe-read-only\branches\2.0\boghe\winrt\backend\win32\debug\sipuri.obj
e:\github\x-talker\wp-client\boghe\boghe-read-only\branches\2.0\boghe\winrt\backend\win32\debug\smsencoder.obj
e:\github\x-talker\wp-client\boghe\boghe-read-only\branches\2.0\boghe\winrt\backend\win32\debug\tdav_consumer_wasapi.obj
e:\github\x-talker\wp-client\boghe\boghe-read-only\branches\2.0\boghe\winrt\backend\win32\debug\tdav_consumer_winm.obj
e:\github\x-talker\wp-client\boghe\boghe-read-only\branches\2.0\boghe\winrt\backend\win32\debug\tdav_producer_wasapi.obj
e:\github\x-talker\wp-client\boghe\boghe-read-only\branches\2.0\boghe\winrt\backend\win32\debug\tdav_producer_winm.obj
e:\github\x-talker\wp-client\boghe\boghe-read-only\branches\2.0\boghe\winrt\backend\win32\debug\threademulation.obj
e:\github\x-talker\wp-client\boghe\boghe-read-only\branches\2.0\boghe\winrt\backend\win32\debug\tnet_utils.obj
e:\github\x-talker\wp-client\boghe\boghe-read-only\branches\2.0\boghe\winrt\backend\win32\debug\tsk_string.obj
e:\github\x-talker\wp-client\boghe\boghe-read-only\branches\2.0\boghe\winrt\backend\win32\debug\tsk_thread.obj
e:\github\x-talker\wp-client\boghe\boghe-read-only\branches\2.0\boghe\winrt\backend\win32\debug\xcap.obj
e:\github\x-talker\wp-client\boghe\boghe-read-only\branches\2.0\boghe\winrt\backend\win32\debug\backend.write.1.tlog
e:\github\x-talker\wp-client\boghe\boghe-read-only\branches\2.0\boghe\winrt\backend\win32\debug\cl.10624.read.1.tlog
e:\github\x-talker\wp-client\boghe\boghe-read-only\branches\2.0\boghe\winrt\backend\win32\debug\cl.10624.write.1.tlog
e:\github\x-talker\wp-client\boghe\boghe-read-only\branches\2.0\boghe\winrt\backend\win32\debug\cl.11476.read.1.tlog
e:\github\x-talker\wp-client\boghe\boghe-read-only\branches\2.0\boghe\winrt\backend\win32\debug\cl.11476.write.1.tlog
e:\github\x-talker\wp-client\boghe\boghe-read-only\branches\2.0\boghe\winrt\backend\win32\debug\cl.11496.read.1.tlog
e:\github\x-talker\wp-client\boghe\boghe-read-only\branches\2.0\boghe\winrt\backend\win32\debug\cl.11496.write.1.tlog
e:\github\x-talker\wp-client\boghe\boghe-read-only\branches\2.0\boghe\winrt\backend\win32\debug\cl.11500.read.1.tlog
e:\github\x-talker\wp-client\boghe\boghe-read-only\branches\2.0\boghe\winrt\backend\win32\debug\cl.11500.write.1.tlog
e:\github\x-talker\wp-client\boghe\boghe-read-only\branches\2.0\boghe\winrt\backend\win32\debug\cl.12400.read.1.tlog
e:\github\x-talker\wp-client\boghe\boghe-read-only\branches\2.0\boghe\winrt\backend\win32\debug\cl.12400.write.1.tlog
e:\github\x-talker\wp-client\boghe\boghe-read-only\branches\2.0\boghe\winrt\backend\win32\debug\cl.13600.read.1.tlog
e:\github\x-talker\wp-client\boghe\boghe-read-only\branches\2.0\boghe\winrt\backend\win32\debug\cl.13600.write.1.tlog
e:\github\x-talker\wp-client\boghe\boghe-read-only\branches\2.0\boghe\winrt\backend\win32\debug\cl.14116.read.1.tlog
e:\github\x-talker\wp-client\boghe\boghe-read-only\branches\2.0\boghe\winrt\backend\win32\debug\cl.14116.write.1.tlog
e:\github\x-talker\wp-client\boghe\boghe-read-only\branches\2.0\boghe\winrt\backend\win32\debug\cl.14508.read.1.tlog
e:\github\x-talker\wp-client\boghe\boghe-read-only\branches\2.0\boghe\winrt\backend\win32\debug\cl.14508.write.1.tlog
e:\github\x-talker\wp-client\boghe\boghe-read-only\branches\2.0\boghe\winrt\backend\win32\debug\cl.14704.read.1.tlog
e:\github\x-talker\wp-client\boghe\boghe-read-only\branches\2.0\boghe\winrt\backend\win32\debug\cl.14704.write.1.tlog
e:\github\x-talker\wp-client\boghe\boghe-read-only\branches\2.0\boghe\winrt\backend\win32\debug\cl.236.read.1.tlog
e:\github\x-talker\wp-client\boghe\boghe-read-only\branches\2.0\boghe\winrt\backend\win32\debug\cl.236.write.1.tlog
e:\github\x-talker\wp-client\boghe\boghe-read-only\branches\2.0\boghe\winrt\backend\win32\debug\cl.5760.read.1.tlog
e:\github\x-talker\wp-client\boghe\boghe-read-only\branches\2.0\boghe\winrt\backend\win32\debug\cl.5760.write.1.tlog
e:\github\x-talker\wp-client\boghe\boghe-read-only\branches\2.0\boghe\winrt\backend\win32\debug\cl.6988.read.1.tlog
e:\github\x-talker\wp-client\boghe\boghe-read-only\branches\2.0\boghe\winrt\backend\win32\debug\cl.6988.write.1.tlog
e:\github\x-talker\wp-client\boghe\boghe-read-only\branches\2.0\boghe\winrt\backend\win32\debug\cl.7248.read.1.tlog
e:\github\x-talker\wp-client\boghe\boghe-read-only\branches\2.0\boghe\winrt\backend\win32\debug\cl.7248.write.1.tlog
e:\github\x-talker\wp-client\boghe\boghe-read-only\branches\2.0\boghe\winrt\backend\win32\debug\cl.7756.read.1.tlog
e:\github\x-talker\wp-client\boghe\boghe-read-only\branches\2.0\boghe\winrt\backend\win32\debug\cl.7756.write.1.tlog
e:\github\x-talker\wp-client\boghe\boghe-read-only\branches\2.0\boghe\winrt\backend\win32\debug\cl.8740.read.1.tlog
e:\github\x-talker\wp-client\boghe\boghe-read-only\branches\2.0\boghe\winrt\backend\win32\debug\cl.8740.write.1.tlog
e:\github\x-talker\wp-client\boghe\boghe-read-only\branches\2.0\boghe\winrt\backend\win32\debug\cl.8772.read.1.tlog
e:\github\x-talker\wp-client\boghe\boghe-read-only\branches\2.0\boghe\winrt\backend\win32\debug\cl.8772.write.1.tlog
e:\github\x-talker\wp-client\boghe\boghe-read-only\branches\2.0\boghe\winrt\backend\win32\debug\cl.8964.read.1.tlog
e:\github\x-talker\wp-client\boghe\boghe-read-only\branches\2.0\boghe\winrt\backend\win32\debug\cl.8964.write.1.tlog
e:\github\x-talker\wp-client\boghe\boghe-read-only\branches\2.0\boghe\winrt\backend\win32\debug\cl.9448.read.1.tlog
e:\github\x-talker\wp-client\boghe\boghe-read-only\branches\2.0\boghe\winrt\backend\win32\debug\cl.9448.write.1.tlog
e:\github\x-talker\wp-client\boghe\boghe-read-only\branches\2.0\boghe\winrt\backend\win32\debug\cl.command.1.tlog
e:\github\x-talker\wp-client\boghe\boghe-read-only\branches\2.0\boghe\winrt\backend\win32\debug\cl.read.1.tlog
e:\github\x-talker\wp-client\boghe\boghe-read-only\branches\2.0\boghe\winrt\backend\win32\debug\cl.write.1.tlog
e:\github\x-talker\wp-client\boghe\boghe-read-only\branches\2.0\boghe\winrt\backend\win32\debug\link.command.1.tlog
e:\github\x-talker\wp-client\boghe\boghe-read-only\branches\2.0\boghe\winrt\backend\win32\debug\link.read.1.tlog
e:\github\x-talker\wp-client\boghe\boghe-read-only\branches\2.0\boghe\winrt\backend\win32\debug\link.write.1.tlog
e:\github\x-talker\wp-client\boghe\boghe-read-only\branches\2.0\boghe\winrt\backend\win32\debug\vc110.idb
