e:\github\x-talker\wp-client\boghe\doubango\branches\2.0\doubango\tinynet\debug\vc120.pdb
e:\github\x-talker\wp-client\boghe\doubango\branches\2.0\doubango\tinynet\debug\vc120.idb
e:\github\x-talker\wp-client\boghe\doubango\branches\2.0\doubango\tinynet\debug\tnet_stun_pkt.obj
e:\github\x-talker\wp-client\boghe\doubango\branches\2.0\doubango\tinynet\debug\tnet_stun_utils.obj
e:\github\x-talker\wp-client\boghe\doubango\branches\2.0\doubango\tinynet\debug\tnet_dtls.obj
e:\github\x-talker\wp-client\boghe\doubango\branches\2.0\doubango\tinynet\debug\tnet_tls.obj
e:\github\x-talker\wp-client\boghe\doubango\branches\2.0\doubango\tinynet\debug\tnet.obj
e:\github\x-talker\wp-client\boghe\doubango\branches\2.0\doubango\tinynet\debug\tnet_auth.obj
e:\github\x-talker\wp-client\boghe\doubango\branches\2.0\doubango\tinynet\debug\tnet_endianness.obj
e:\github\x-talker\wp-client\boghe\doubango\branches\2.0\doubango\tinynet\debug\tnet_nat.obj
e:\github\x-talker\wp-client\boghe\doubango\branches\2.0\doubango\tinynet\debug\tnet_poll.obj
e:\github\x-talker\wp-client\boghe\doubango\branches\2.0\doubango\tinynet\debug\tnet_transport.obj
e:\github\x-talker\wp-client\boghe\doubango\branches\2.0\doubango\tinynet\debug\tnet_transport_cfsocket.obj
e:\github\x-talker\wp-client\boghe\doubango\branches\2.0\doubango\tinynet\debug\tnet_transport_poll.obj
e:\github\x-talker\wp-client\boghe\doubango\branches\2.0\doubango\tinynet\debug\tnet_transport_win32.obj
e:\github\x-talker\wp-client\boghe\doubango\branches\2.0\doubango\tinynet\debug\tnet_utils.obj
e:\github\x-talker\wp-client\boghe\doubango\branches\2.0\doubango\tinynet\debug\tnet_turn.obj
e:\github\x-talker\wp-client\boghe\doubango\branches\2.0\doubango\tinynet\debug\tnet_turn_attr.obj
e:\github\x-talker\wp-client\boghe\doubango\branches\2.0\doubango\tinynet\debug\tnet_turn_attribute.obj
e:\github\x-talker\wp-client\boghe\doubango\branches\2.0\doubango\tinynet\debug\tnet_turn_message.obj
e:\github\x-talker\wp-client\boghe\doubango\branches\2.0\doubango\tinynet\debug\tnet_turn_session.obj
e:\github\x-talker\wp-client\boghe\doubango\branches\2.0\doubango\tinynet\debug\tnet_dns_naptr.obj
e:\github\x-talker\wp-client\boghe\doubango\branches\2.0\doubango\tinynet\debug\tnet_dns_ns.obj
e:\github\x-talker\wp-client\boghe\doubango\branches\2.0\doubango\tinynet\debug\tnet_dns_opt.obj
e:\github\x-talker\wp-client\boghe\doubango\branches\2.0\doubango\tinynet\debug\tnet_dns_ptr.obj
e:\github\x-talker\wp-client\boghe\doubango\branches\2.0\doubango\tinynet\debug\tnet_dns_regexp.obj
e:\github\x-talker\wp-client\boghe\doubango\branches\2.0\doubango\tinynet\debug\tnet_dns_resolvconf.obj
e:\github\x-talker\wp-client\boghe\doubango\branches\2.0\doubango\tinynet\debug\tnet_dns_rr.obj
e:\github\x-talker\wp-client\boghe\doubango\branches\2.0\doubango\tinynet\debug\tnet_dns_soa.obj
e:\github\x-talker\wp-client\boghe\doubango\branches\2.0\doubango\tinynet\debug\tnet_dns_srv.obj
e:\github\x-talker\wp-client\boghe\doubango\branches\2.0\doubango\tinynet\debug\tnet_dns_txt.obj
e:\github\x-talker\wp-client\boghe\doubango\branches\2.0\doubango\tinynet\debug\tnet_ice_candidate.obj
e:\github\x-talker\wp-client\boghe\doubango\branches\2.0\doubango\tinynet\debug\tnet_ice_ctx.obj
e:\github\x-talker\wp-client\boghe\doubango\branches\2.0\doubango\tinynet\debug\tnet_ice_event.obj
e:\github\x-talker\wp-client\boghe\doubango\branches\2.0\doubango\tinynet\debug\tnet_ice_pair.obj
e:\github\x-talker\wp-client\boghe\doubango\branches\2.0\doubango\tinynet\debug\tnet_ice_utils.obj
e:\github\x-talker\wp-client\boghe\doubango\branches\2.0\doubango\tinynet\debug\tnet_stun.obj
e:\github\x-talker\wp-client\boghe\doubango\branches\2.0\doubango\tinynet\debug\tnet_stun_attr.obj
e:\github\x-talker\wp-client\boghe\doubango\branches\2.0\doubango\tinynet\debug\tnet_stun_attribute.obj
e:\github\x-talker\wp-client\boghe\doubango\branches\2.0\doubango\tinynet\debug\tnet_stun_binding.obj
e:\github\x-talker\wp-client\boghe\doubango\branches\2.0\doubango\tinynet\debug\tnet_stun_message.obj
e:\github\x-talker\wp-client\boghe\doubango\branches\2.0\doubango\tinynet\debug\tnet_dhcp6.obj
e:\github\x-talker\wp-client\boghe\doubango\branches\2.0\doubango\tinynet\debug\tnet_dhcp6_duid.obj
e:\github\x-talker\wp-client\boghe\doubango\branches\2.0\doubango\tinynet\debug\tnet_dhcp6_message.obj
e:\github\x-talker\wp-client\boghe\doubango\branches\2.0\doubango\tinynet\debug\tnet_dhcp6_option.obj
e:\github\x-talker\wp-client\boghe\doubango\branches\2.0\doubango\tinynet\debug\tnet_dhcp.obj
e:\github\x-talker\wp-client\boghe\doubango\branches\2.0\doubango\tinynet\debug\tnet_dhcp_message.obj
e:\github\x-talker\wp-client\boghe\doubango\branches\2.0\doubango\tinynet\debug\tnet_dhcp_option.obj
e:\github\x-talker\wp-client\boghe\doubango\branches\2.0\doubango\tinynet\debug\tnet_dhcp_option_sip.obj
e:\github\x-talker\wp-client\boghe\doubango\branches\2.0\doubango\tinynet\debug\tnet_dns_a.obj
e:\github\x-talker\wp-client\boghe\doubango\branches\2.0\doubango\tinynet\debug\tnet_dns_aaaa.obj
e:\github\x-talker\wp-client\boghe\doubango\branches\2.0\doubango\tinynet\debug\tnet_dns_cname.obj
e:\github\x-talker\wp-client\boghe\doubango\branches\2.0\doubango\tinynet\debug\tnet_dns_message.obj
e:\github\x-talker\wp-client\boghe\doubango\branches\2.0\doubango\tinynet\debug\tnet_dns_mx.obj
e:\github\x-talker\wp-client\boghe\doubango\branches\2.0\doubango\tinynet\debug\tinynet.tlog\cl.command.1.tlog
e:\github\x-talker\wp-client\boghe\doubango\branches\2.0\doubango\tinynet\debug\tinynet.tlog\cl.read.1.tlog
e:\github\x-talker\wp-client\boghe\doubango\branches\2.0\doubango\tinynet\debug\tinynet.tlog\cl.write.1.tlog
