e:\github\x-talker\wp-client\boghe\doubango\branches\2.0\doubango\plugins\pluginwinipsecvista\debug\vc120.pdb
e:\github\x-talker\wp-client\boghe\doubango\branches\2.0\doubango\plugins\pluginwinipsecvista\debug\vc120.idb
e:\github\x-talker\wp-client\boghe\doubango\branches\2.0\doubango\plugins\pluginwinipsecvista\debug\dllmain_ipsec_vista.obj
e:\github\x-talker\wp-client\boghe\doubango\branches\2.0\doubango\plugins\pluginwinipsecvista\debug\plugin_win_ipsec_vista.obj
e:\github\x-talker\wp-client\boghe\boghe-read-only\branches\2.0\boghe\debug\pluginwinipsecvista.ilk
e:\github\x-talker\wp-client\boghe\boghe-read-only\branches\2.0\boghe\debug\pluginwinipsecvista.dll
e:\github\x-talker\wp-client\boghe\boghe-read-only\branches\2.0\boghe\debug\pluginwinipsecvista.pdb
e:\github\x-talker\wp-client\boghe\boghe-read-only\branches\2.0\boghe\debug\pluginwinipsecvista.lib
e:\github\x-talker\wp-client\boghe\boghe-read-only\branches\2.0\boghe\debug\pluginwinipsecvista.exp
e:\github\x-talker\wp-client\boghe\doubango\branches\2.0\doubango\plugins\pluginwinipsecvista\debug\version.res
e:\github\x-talker\wp-client\boghe\doubango\branches\2.0\doubango\plugins\pluginwinipsecvista\debug\pluginwi.aad0b2b5.tlog\cl.command.1.tlog
e:\github\x-talker\wp-client\boghe\doubango\branches\2.0\doubango\plugins\pluginwinipsecvista\debug\pluginwi.aad0b2b5.tlog\cl.read.1.tlog
e:\github\x-talker\wp-client\boghe\doubango\branches\2.0\doubango\plugins\pluginwinipsecvista\debug\pluginwi.aad0b2b5.tlog\cl.write.1.tlog
e:\github\x-talker\wp-client\boghe\doubango\branches\2.0\doubango\plugins\pluginwinipsecvista\debug\pluginwi.aad0b2b5.tlog\link.command.1.tlog
e:\github\x-talker\wp-client\boghe\doubango\branches\2.0\doubango\plugins\pluginwinipsecvista\debug\pluginwi.aad0b2b5.tlog\link.read.1.tlog
e:\github\x-talker\wp-client\boghe\doubango\branches\2.0\doubango\plugins\pluginwinipsecvista\debug\pluginwi.aad0b2b5.tlog\link.write.1.tlog
e:\github\x-talker\wp-client\boghe\doubango\branches\2.0\doubango\plugins\pluginwinipsecvista\debug\pluginwi.aad0b2b5.tlog\pluginwinipsecvista.write.1u.tlog
e:\github\x-talker\wp-client\boghe\doubango\branches\2.0\doubango\plugins\pluginwinipsecvista\debug\pluginwi.aad0b2b5.tlog\rc.command.1.tlog
e:\github\x-talker\wp-client\boghe\doubango\branches\2.0\doubango\plugins\pluginwinipsecvista\debug\pluginwi.aad0b2b5.tlog\rc.read.1.tlog
e:\github\x-talker\wp-client\boghe\doubango\branches\2.0\doubango\plugins\pluginwinipsecvista\debug\pluginwi.aad0b2b5.tlog\rc.write.1.tlog
