生成启动时间为 4/1/2015 10:35:49 AM。
     1>项目“E:\github\x-talker\wp-client\boghe\doubango\branches\2.0\doubango\tinyMEDIA\tinyMEDIA.vcxproj”在节点 3 上(Build 个目标)。
     1>Link:
         D:\Program Files (x86)\Microsoft Visual Studio 12.0\VC\bin\link.exe /ERRORREPORT:PROMPT /OUT:"E:\github\x-talker\wp-client\boghe\boghe-read-only\branches\2.0\boghe\Debug\tinyMEDIA.dll" /INCREMENTAL /NOLOGO "E:\github\x-talker\wp-client\boghe\boghe-read-only\branches\2.0\boghe\Debug\tinySAK.lib" "E:\github\x-talker\wp-client\boghe\boghe-read-only\branches\2.0\boghe\Debug\tinySDP.lib" "E:\github\x-talker\wp-client\boghe\boghe-read-only\branches\2.0\boghe\Debug\tinyNET.lib" kernel32.lib user32.lib gdi32.lib winspool.lib comdlg32.lib advapi32.lib shell32.lib ole32.lib oleaut32.lib uuid.lib odbc32.lib odbccp32.lib /MANIFEST /MANIFESTUAC:"level='asInvoker' uiAccess='false'" /manifest:embed /DEBUG /PDB:"E:\github\x-talker\wp-client\boghe\boghe-read-only\branches\2.0\boghe\Debug\tinyMEDIA.pdb" /SUBSYSTEM:WINDOWS /TLBID:1 /DYNAMICBASE /NXCOMPAT /IMPLIB:"E:\github\x-talker\wp-client\boghe\boghe-read-only\branches\2.0\boghe\Debug\tinyMEDIA.lib" /MACHINE:X86 /SAFESEH /DLL Debug\version.res
         Debug\tmedia_content.obj
         Debug\tmedia_content_cpim.obj
         Debug\tmedia_content_multipart.obj
         Debug\tmedia_content_sip_frag.obj
         Debug\tmedia.obj
         Debug\tmedia_codec.obj
         Debug\tmedia_codec_dummy.obj
         Debug\tmedia_common.obj
         Debug\tmedia_consumer.obj
         Debug\tmedia_converter_video.obj
         Debug\tmedia_defaults.obj
         Debug\tmedia_denoise.obj
         Debug\tmedia_imageattr.obj
         Debug\tmedia_jitterbuffer.obj
         Debug\tmedia_params.obj
         Debug\tmedia_producer.obj
         Debug\tmedia_qos.obj
         Debug\tmedia_resampler.obj
         Debug\tmedia_session.obj
         Debug\tmedia_session_dummy.obj
         Debug\tmedia_session_ghost.obj
         Debug\tmedia_vad.obj
         "E:\github\x-talker\wp-client\boghe\boghe-read-only\branches\2.0\boghe\Debug\tinyNET.lib"
         "E:\github\x-talker\wp-client\boghe\boghe-read-only\branches\2.0\boghe\Debug\tinySAK.lib"
         "E:\github\x-talker\wp-client\boghe\boghe-read-only\branches\2.0\boghe\Debug\tinySDP.lib"
            正在创建库 E:\github\x-talker\wp-client\boghe\boghe-read-only\branches\2.0\boghe\Debug\tinyMEDIA.lib 和对象 E:\github\x-talker\wp-client\boghe\boghe-read-only\branches\2.0\boghe\Debug\tinyMEDIA.exp
         tinyMEDIA.vcxproj -> E:\github\x-talker\wp-client\boghe\boghe-read-only\branches\2.0\boghe\Debug\tinyMEDIA.dll
     1>已完成生成项目“E:\github\x-talker\wp-client\boghe\doubango\branches\2.0\doubango\tinyMEDIA\tinyMEDIA.vcxproj”(Build 个目标)的操作。

生成成功。

已用时间 00:00:00.85
