e:\github\x-talker\wp-client\boghe\doubango\branches\2.0\doubango\tinymedia\debug\tmedia_session_dummy.obj
e:\github\x-talker\wp-client\boghe\doubango\branches\2.0\doubango\tinymedia\debug\tmedia_session.obj
e:\github\x-talker\wp-client\boghe\doubango\branches\2.0\doubango\tinymedia\debug\tmedia_resampler.obj
e:\github\x-talker\wp-client\boghe\doubango\branches\2.0\doubango\tinymedia\debug\tmedia_qos.obj
e:\github\x-talker\wp-client\boghe\doubango\branches\2.0\doubango\tinymedia\debug\tmedia_producer.obj
e:\github\x-talker\wp-client\boghe\doubango\branches\2.0\doubango\tinymedia\debug\tmedia_params.obj
e:\github\x-talker\wp-client\boghe\doubango\branches\2.0\doubango\tinymedia\debug\tmedia_jitterbuffer.obj
e:\github\x-talker\wp-client\boghe\doubango\branches\2.0\doubango\tinymedia\debug\tmedia_imageattr.obj
e:\github\x-talker\wp-client\boghe\doubango\branches\2.0\doubango\tinymedia\debug\tmedia_denoise.obj
e:\github\x-talker\wp-client\boghe\doubango\branches\2.0\doubango\tinymedia\debug\tmedia_defaults.obj
e:\github\x-talker\wp-client\boghe\doubango\branches\2.0\doubango\tinymedia\debug\tmedia_converter_video.obj
e:\github\x-talker\wp-client\boghe\doubango\branches\2.0\doubango\tinymedia\debug\tmedia_consumer.obj
e:\github\x-talker\wp-client\boghe\doubango\branches\2.0\doubango\tinymedia\debug\tmedia_common.obj
e:\github\x-talker\wp-client\boghe\doubango\branches\2.0\doubango\tinymedia\debug\tmedia_codec_dummy.obj
e:\github\x-talker\wp-client\boghe\doubango\branches\2.0\doubango\tinymedia\debug\tmedia_codec.obj
e:\github\x-talker\wp-client\boghe\doubango\branches\2.0\doubango\tinymedia\debug\tmedia.obj
e:\github\x-talker\wp-client\boghe\doubango\branches\2.0\doubango\tinymedia\debug\tmedia_content_sip_frag.obj
e:\github\x-talker\wp-client\boghe\doubango\branches\2.0\doubango\tinymedia\debug\tmedia_content_multipart.obj
e:\github\x-talker\wp-client\boghe\doubango\branches\2.0\doubango\tinymedia\debug\tmedia_content_cpim.obj
e:\github\x-talker\wp-client\boghe\doubango\branches\2.0\doubango\tinymedia\debug\tmedia_content.obj
e:\github\x-talker\wp-client\boghe\doubango\branches\2.0\doubango\tinymedia\debug\tmedia_vad.obj
e:\github\x-talker\wp-client\boghe\doubango\branches\2.0\doubango\tinymedia\debug\tmedia_session_ghost.obj
e:\github\x-talker\wp-client\boghe\doubango\branches\2.0\doubango\tinymedia\debug\version.res
e:\github\x-talker\wp-client\boghe\doubango\branches\2.0\doubango\tinymedia\debug\tinymedia.tlog\cl.command.1.tlog
e:\github\x-talker\wp-client\boghe\doubango\branches\2.0\doubango\tinymedia\debug\tinymedia.tlog\cl.read.1.tlog
e:\github\x-talker\wp-client\boghe\doubango\branches\2.0\doubango\tinymedia\debug\tinymedia.tlog\cl.write.1.tlog
e:\github\x-talker\wp-client\boghe\doubango\branches\2.0\doubango\tinymedia\debug\tinymedia.tlog\link.command.1.tlog
e:\github\x-talker\wp-client\boghe\doubango\branches\2.0\doubango\tinymedia\debug\tinymedia.tlog\link.read.1.tlog
e:\github\x-talker\wp-client\boghe\doubango\branches\2.0\doubango\tinymedia\debug\tinymedia.tlog\link.write.1.tlog
e:\github\x-talker\wp-client\boghe\doubango\branches\2.0\doubango\tinymedia\debug\tinymedia.tlog\rc.command.1.tlog
e:\github\x-talker\wp-client\boghe\doubango\branches\2.0\doubango\tinymedia\debug\tinymedia.tlog\rc.read.1.tlog
e:\github\x-talker\wp-client\boghe\doubango\branches\2.0\doubango\tinymedia\debug\tinymedia.tlog\rc.write.1.tlog
