e:\github\x-talker\wp-client\boghe\doubango\branches\2.0\doubango\tinysak\debug\vc120.pdb
e:\github\x-talker\wp-client\boghe\doubango\branches\2.0\doubango\tinysak\debug\vc120.idb
e:\github\x-talker\wp-client\boghe\doubango\branches\2.0\doubango\tinysak\debug\tsk_memory.obj
e:\github\x-talker\wp-client\boghe\doubango\branches\2.0\doubango\tinysak\debug\tsk_mutex.obj
e:\github\x-talker\wp-client\boghe\doubango\branches\2.0\doubango\tinysak\debug\tsk_options.obj
e:\github\x-talker\wp-client\boghe\doubango\branches\2.0\doubango\tinysak\debug\tsk_params.obj
e:\github\x-talker\wp-client\boghe\doubango\branches\2.0\doubango\tinysak\debug\tsk_plugin.obj
e:\github\x-talker\wp-client\boghe\doubango\branches\2.0\doubango\tinysak\debug\tsk_ppfcs16.obj
e:\github\x-talker\wp-client\boghe\doubango\branches\2.0\doubango\tinysak\debug\tsk_ppfcs32.obj
e:\github\x-talker\wp-client\boghe\doubango\branches\2.0\doubango\tinysak\debug\tsk_ragel_state.obj
e:\github\x-talker\wp-client\boghe\doubango\branches\2.0\doubango\tinysak\debug\tsk_runnable.obj
e:\github\x-talker\wp-client\boghe\doubango\branches\2.0\doubango\tinysak\debug\tsk_safeobj.obj
e:\github\x-talker\wp-client\boghe\doubango\branches\2.0\doubango\tinysak\debug\tsk_semaphore.obj
e:\github\x-talker\wp-client\boghe\doubango\branches\2.0\doubango\tinysak\debug\tsk_sha1.obj
e:\github\x-talker\wp-client\boghe\doubango\branches\2.0\doubango\tinysak\debug\tsk_string.obj
e:\github\x-talker\wp-client\boghe\doubango\branches\2.0\doubango\tinysak\debug\tsk_thread.obj
e:\github\x-talker\wp-client\boghe\doubango\branches\2.0\doubango\tinysak\debug\tsk_time.obj
e:\github\x-talker\wp-client\boghe\doubango\branches\2.0\doubango\tinysak\debug\tsk_timer.obj
e:\github\x-talker\wp-client\boghe\doubango\branches\2.0\doubango\tinysak\debug\tsk_url.obj
e:\github\x-talker\wp-client\boghe\doubango\branches\2.0\doubango\tinysak\debug\tsk_uuid.obj
e:\github\x-talker\wp-client\boghe\doubango\branches\2.0\doubango\tinysak\debug\tsk_xml.obj
e:\github\x-talker\wp-client\boghe\doubango\branches\2.0\doubango\tinysak\debug\tsk_base64.obj
e:\github\x-talker\wp-client\boghe\doubango\branches\2.0\doubango\tinysak\debug\tsk_binaryutils.obj
e:\github\x-talker\wp-client\boghe\doubango\branches\2.0\doubango\tinysak\debug\tsk_buffer.obj
e:\github\x-talker\wp-client\boghe\doubango\branches\2.0\doubango\tinysak\debug\tsk_condwait.obj
e:\github\x-talker\wp-client\boghe\doubango\branches\2.0\doubango\tinysak\debug\tsk_debug.obj
e:\github\x-talker\wp-client\boghe\doubango\branches\2.0\doubango\tinysak\debug\tsk_fsm.obj
e:\github\x-talker\wp-client\boghe\doubango\branches\2.0\doubango\tinysak\debug\tsk_hmac.obj
e:\github\x-talker\wp-client\boghe\doubango\branches\2.0\doubango\tinysak\debug\tsk_list.obj
e:\github\x-talker\wp-client\boghe\doubango\branches\2.0\doubango\tinysak\debug\tsk_md5.obj
e:\github\x-talker\wp-client\boghe\doubango\branches\2.0\doubango\tinysak\debug\tsk.obj
e:\github\x-talker\wp-client\boghe\doubango\branches\2.0\doubango\tinysak\debug\tinysak.tlog\cl.command.1.tlog
e:\github\x-talker\wp-client\boghe\doubango\branches\2.0\doubango\tinysak\debug\tinysak.tlog\cl.read.1.tlog
e:\github\x-talker\wp-client\boghe\doubango\branches\2.0\doubango\tinysak\debug\tinysak.tlog\cl.write.1.tlog
