e:\github\x-talker\wp-client\boghe\doubango\branches\2.0\doubango\tinydav\debug\vc120.pdb
e:\github\x-talker\wp-client\boghe\doubango\branches\2.0\doubango\tinydav\debug\vc120.idb
e:\github\x-talker\wp-client\boghe\doubango\branches\2.0\doubango\tinydav\debug\tdav_codec_opus.obj
e:\github\x-talker\wp-client\boghe\doubango\branches\2.0\doubango\tinydav\debug\tdav_codec_speex.obj
e:\github\x-talker\wp-client\boghe\doubango\branches\2.0\doubango\tinydav\debug\tdav_codec_t140.obj
e:\github\x-talker\wp-client\boghe\doubango\branches\2.0\doubango\tinydav\debug\tdav_codec_theora.obj
e:\github\x-talker\wp-client\boghe\doubango\branches\2.0\doubango\tinydav\debug\tdav_codec_vp8.obj
e:\github\x-talker\wp-client\boghe\doubango\branches\2.0\doubango\tinydav\debug\tdav_consumer_msrp.obj
e:\github\x-talker\wp-client\boghe\doubango\branches\2.0\doubango\tinydav\debug\tdav_producer_msrp.obj
e:\github\x-talker\wp-client\boghe\doubango\branches\2.0\doubango\tinydav\debug\tdav_session_msrp.obj
e:\github\x-talker\wp-client\boghe\doubango\branches\2.0\doubango\tinydav\debug\tdav_consumer_t140.obj
e:\github\x-talker\wp-client\boghe\doubango\branches\2.0\doubango\tinydav\debug\tdav_producer_t140.obj
e:\github\x-talker\wp-client\boghe\doubango\branches\2.0\doubango\tinydav\debug\tdav_session_t140.obj
e:\github\x-talker\wp-client\boghe\doubango\branches\2.0\doubango\tinydav\debug\tdav_win32.obj
e:\github\x-talker\wp-client\boghe\doubango\branches\2.0\doubango\tinydav\debug\tdav_producer_screencast_gdi.obj
e:\github\x-talker\wp-client\boghe\doubango\branches\2.0\doubango\tinydav\debug\tdav_video_frame.obj
e:\github\x-talker\wp-client\boghe\doubango\branches\2.0\doubango\tinydav\debug\tdav_video_jb.obj
e:\github\x-talker\wp-client\boghe\doubango\branches\2.0\doubango\tinydav\debug\tdav_consumer_video.obj
e:\github\x-talker\wp-client\boghe\doubango\branches\2.0\doubango\tinydav\debug\tdav_runnable_video.obj
e:\github\x-talker\wp-client\boghe\doubango\branches\2.0\doubango\tinydav\debug\tdav_session_video.obj
e:\github\x-talker\wp-client\boghe\doubango\branches\2.0\doubango\tinydav\debug\tdav_codec_bfcp.obj
e:\github\x-talker\wp-client\boghe\doubango\branches\2.0\doubango\tinydav\debug\tdav_codec_bv16.obj
e:\github\x-talker\wp-client\boghe\doubango\branches\2.0\doubango\tinydav\debug\tdav_codec_bv32.obj
e:\github\x-talker\wp-client\boghe\doubango\branches\2.0\doubango\tinydav\debug\tdav_codec_dtmf.obj
e:\github\x-talker\wp-client\boghe\doubango\branches\2.0\doubango\tinydav\debug\tdav_codec_red.obj
e:\github\x-talker\wp-client\boghe\doubango\branches\2.0\doubango\tinydav\debug\tdav_codec_ulpfec.obj
e:\github\x-talker\wp-client\boghe\doubango\branches\2.0\doubango\tinydav\debug\g711.obj
e:\github\x-talker\wp-client\boghe\doubango\branches\2.0\doubango\tinydav\debug\tdav_codec_g711.obj
e:\github\x-talker\wp-client\boghe\doubango\branches\2.0\doubango\tinydav\debug\g722_decode.obj
e:\github\x-talker\wp-client\boghe\doubango\branches\2.0\doubango\tinydav\debug\g722_encode.obj
e:\github\x-talker\wp-client\boghe\doubango\branches\2.0\doubango\tinydav\debug\tdav_codec_g722.obj
e:\github\x-talker\wp-client\boghe\doubango\branches\2.0\doubango\tinydav\debug\tdav_codec_g729.obj
e:\github\x-talker\wp-client\boghe\doubango\branches\2.0\doubango\tinydav\debug\tdav_codec_gsm.obj
e:\github\x-talker\wp-client\boghe\doubango\branches\2.0\doubango\tinydav\debug\tdav_codec_h261.obj
e:\github\x-talker\wp-client\boghe\doubango\branches\2.0\doubango\tinydav\debug\tdav_codec_ilbc.obj
e:\github\x-talker\wp-client\boghe\doubango\branches\2.0\doubango\tinydav\debug\tdav_codec_msrp.obj
e:\github\x-talker\wp-client\boghe\doubango\branches\2.0\doubango\tinydav\debug\tdav_audiounit.obj
e:\github\x-talker\wp-client\boghe\doubango\branches\2.0\doubango\tinydav\debug\tdav_consumer_audioqueue.obj
e:\github\x-talker\wp-client\boghe\doubango\branches\2.0\doubango\tinydav\debug\tdav_consumer_audiounit.obj
e:\github\x-talker\wp-client\boghe\doubango\branches\2.0\doubango\tinydav\debug\tdav_producer_audioqueue.obj
e:\github\x-talker\wp-client\boghe\doubango\branches\2.0\doubango\tinydav\debug\tdav_producer_audiounit.obj
e:\github\x-talker\wp-client\boghe\doubango\branches\2.0\doubango\tinydav\debug\tdav_consumer_dsound.obj
e:\github\x-talker\wp-client\boghe\doubango\branches\2.0\doubango\tinydav\debug\tdav_producer_dsound.obj
e:\github\x-talker\wp-client\boghe\doubango\branches\2.0\doubango\tinydav\debug\tdav_consumer_audio.obj
e:\github\x-talker\wp-client\boghe\doubango\branches\2.0\doubango\tinydav\debug\tdav_jitterbuffer.obj
e:\github\x-talker\wp-client\boghe\doubango\branches\2.0\doubango\tinydav\debug\tdav_producer_audio.obj
e:\github\x-talker\wp-client\boghe\doubango\branches\2.0\doubango\tinydav\debug\tdav_session_audio.obj
e:\github\x-talker\wp-client\boghe\doubango\branches\2.0\doubango\tinydav\debug\tdav_speakup_jitterbuffer.obj
e:\github\x-talker\wp-client\boghe\doubango\branches\2.0\doubango\tinydav\debug\tdav_speex_denoise.obj
e:\github\x-talker\wp-client\boghe\doubango\branches\2.0\doubango\tinydav\debug\tdav_speex_jitterbuffer.obj
e:\github\x-talker\wp-client\boghe\doubango\branches\2.0\doubango\tinydav\debug\tdav_speex_resampler.obj
e:\github\x-talker\wp-client\boghe\doubango\branches\2.0\doubango\tinydav\debug\tdav_webrtc_denoise.obj
e:\github\x-talker\wp-client\boghe\doubango\branches\2.0\doubango\tinydav\debug\tdav_consumer_waveapi.obj
e:\github\x-talker\wp-client\boghe\doubango\branches\2.0\doubango\tinydav\debug\tdav_producer_waveapi.obj
e:\github\x-talker\wp-client\boghe\doubango\branches\2.0\doubango\tinydav\debug\tdav_session_bfcp.obj
e:\github\x-talker\wp-client\boghe\doubango\branches\2.0\doubango\tinydav\debug\tdav_codec_amr.obj
e:\github\x-talker\wp-client\boghe\doubango\branches\2.0\doubango\tinydav\debug\tdav.obj
e:\github\x-talker\wp-client\boghe\doubango\branches\2.0\doubango\tinydav\debug\tdav_codec_h263.obj
e:\github\x-talker\wp-client\boghe\doubango\branches\2.0\doubango\tinydav\debug\tdav_codec_h264.obj
e:\github\x-talker\wp-client\boghe\doubango\branches\2.0\doubango\tinydav\debug\tdav_codec_h264_rtp.obj
e:\github\x-talker\wp-client\boghe\doubango\branches\2.0\doubango\tinydav\debug\tdav_codec_mp4ves.obj
e:\github\x-talker\wp-client\boghe\doubango\branches\2.0\doubango\tinydav\debug\tdav_session_av.obj
e:\github\x-talker\wp-client\boghe\doubango\branches\2.0\doubango\tinydav\debug\tdav_codec_h264_cuda.obj
e:\github\x-talker\wp-client\boghe\doubango\branches\2.0\doubango\tinydav\debug\tinydav.tlog\cl.command.1.tlog
e:\github\x-talker\wp-client\boghe\doubango\branches\2.0\doubango\tinydav\debug\tinydav.tlog\cl.read.1.tlog
e:\github\x-talker\wp-client\boghe\doubango\branches\2.0\doubango\tinydav\debug\tinydav.tlog\cl.write.1.tlog
