生成启动时间为 4/1/2015 10:48:11 AM。
     1>项目“E:\github\x-talker\wp-client\boghe\doubango\branches\2.0\doubango\tinySIP\tinySIP.vcxproj”在节点 2 上(Build 个目标)。
     1>Link:
         D:\Program Files (x86)\Microsoft Visual Studio 12.0\VC\bin\link.exe /ERRORREPORT:PROMPT /OUT:"E:\github\x-talker\wp-client\boghe\boghe-read-only\branches\2.0\boghe\Debug\tinySIP.dll" /INCREMENTAL /NOLOGO "E:\github\x-talker\wp-client\boghe\boghe-read-only\branches\2.0\boghe\Debug\tinySAK.lib" "E:\github\x-talker\wp-client\boghe\boghe-read-only\branches\2.0\boghe\Debug\tinyNET.lib" "E:\github\x-talker\wp-client\boghe\boghe-read-only\branches\2.0\boghe\Debug\tinyHTTP.lib" "E:\github\x-talker\wp-client\boghe\boghe-read-only\branches\2.0\boghe\Debug\tinySDP.lib" "E:\github\x-talker\wp-client\boghe\boghe-read-only\branches\2.0\boghe\Debug\tinyMEDIA.lib" "E:\github\x-talker\wp-client\boghe\boghe-read-only\branches\2.0\boghe\Debug\tinyIPSec.lib" "E:\github\x-talker\wp-client\boghe\boghe-read-only\branches\2.0\boghe\Debug\tinySigComp.lib" ..\thirdparties\win32\lib\libxml2\libxml2_a.lib kernel32.lib user32.lib gdi32.lib winspool.lib comdlg32.lib advapi32.lib shell32.lib ole32.lib oleaut32.lib uuid.lib odbc32.lib odbccp32.lib /MANIFEST /MANIFESTUAC:"level='asInvoker' uiAccess='false'" /manifest:embed /DEBUG /PDB:"E:\github\x-talker\wp-client\boghe\boghe-read-only\branches\2.0\boghe\Debug\tinySIP.pdb" /SUBSYSTEM:WINDOWS /TLBID:1 /DYNAMICBASE /NXCOMPAT /IMPLIB:"E:\github\x-talker\wp-client\boghe\boghe-read-only\branches\2.0\boghe\Debug\tinySIP.lib" /MACHINE:X86 /SAFESEH /DLL Debug\version.res
         Debug\tsip_api_common.obj
         Debug\tsip_api_info.obj
         Debug\tsip_api_invite.obj
         Debug\tsip_api_message.obj
         Debug\tsip_api_options.obj
         Debug\tsip_api_publish.obj
         Debug\tsip_api_register.obj
         Debug\tsip_api_subscribe.obj
         Debug\tsip_challenge.obj
         Debug\tsip_milenage.obj
         Debug\tsip_rijndael.obj
         Debug\tsip_dialog.obj
         Debug\tsip_dialog_info.obj
         Debug\tsip_dialog_invite.obj
         Debug\tsip_dialog_invite.cdiv.obj
         Debug\tsip_dialog_invite.client.obj
         Debug\tsip_dialog_invite.conf.obj
         Debug\tsip_dialog_invite.ect.obj
         Debug\tsip_dialog_invite.hold.obj
         Debug\tsip_dialog_invite.ice.obj
         Debug\tsip_dialog_invite.qos.obj
         Debug\tsip_dialog_invite.server.obj
         Debug\tsip_dialog_invite.timers.obj
         Debug\tsip_dialog_layer.obj
         Debug\tsip_dialog_message.obj
         Debug\tsip_dialog_options.obj
         Debug\tsip_dialog_publish.client.obj
         Debug\tsip_dialog_register.obj
         Debug\tsip_dialog_register.client.obj
         Debug\tsip_dialog_register.server.obj
         Debug\tsip_dialog_subscribe.client.obj
         Debug\tsip_dialog_subscribe.server.obj
         Debug\tsip_header.obj
         Debug\tsip_header_accept.obj
         Debug\tsip_header_Accept_Contact.obj
         Debug\tsip_header_Accept_Encoding.obj
         Debug\tsip_header_Accept_Language.obj
         Debug\tsip_header_Accept_Resource_Priority.obj
         Debug\tsip_header_Alert_Info.obj
         Debug\tsip_header_Allow.obj
         Debug\tsip_header_Allow_Events.obj
         Debug\tsip_header_Authentication_Info.obj
         Debug\tsip_header_Authorization.obj
         Debug\tsip_header_Call_ID.obj
         Debug\tsip_header_Call_Info.obj
         Debug\tsip_header_Contact.obj
         Debug\tsip_header_Content_Disposition.obj
         Debug\tsip_header_Content_Encoding.obj
         Debug\tsip_header_Content_Language.obj
         Debug\tsip_header_Content_Length.obj
         Debug\tsip_header_Content_Type.obj
         Debug\tsip_header_CSeq.obj
         Debug\tsip_header_Date.obj
         Debug\tsip_header_Dummy.obj
         Debug\tsip_header_Error_Info.obj
         Debug\tsip_header_Event.obj
         Debug\tsip_header_Expires.obj
         Debug\tsip_header_From.obj
         Debug\tsip_header_History_Info.obj
         Debug\tsip_header_Identity.obj
         Debug\tsip_header_Identity_Info.obj
         Debug\tsip_header_In_Reply_To.obj
         Debug\tsip_header_Join.obj
         Debug\tsip_header_Max_Forwards.obj
         Debug\tsip_header_MIME_Version.obj
         Debug\tsip_header_Min_Expires.obj
         Debug\tsip_header_Min_SE.obj
         Debug\tsip_header_Organization.obj
         Debug\tsip_header_Path.obj
         Debug\tsip_header_Priority.obj
         Debug\tsip_header_Privacy.obj
         Debug\tsip_header_Proxy_Authenticate.obj
         Debug\tsip_header_Proxy_Authorization.obj
         Debug\tsip_header_Proxy_Require.obj
         Debug\tsip_header_P_Access_Network_Info.obj
         Debug\tsip_header_P_Answer_State.obj
         Debug\tsip_header_P_Asserted_Identity.obj
         Debug\tsip_header_P_Associated_URI.obj
         Debug\tsip_header_P_Called_Party_ID.obj
         Debug\tsip_header_P_Charging_Function_Addresses.obj
         Debug\tsip_header_P_Charging_Vector.obj
         Debug\tsip_header_P_DCS_Billing_Info.obj
         Debug\tsip_header_P_DCS_LAES.obj
         Debug\tsip_header_P_DCS_OSPS.obj
         Debug\tsip_header_P_DCS_Redirect.obj
         Debug\tsip_header_P_DCS_Trace_Party_ID.obj
         Debug\tsip_header_P_Early_Media.obj
         Debug\tsip_header_P_Media_Authorization.obj
         Debug\tsip_header_P_Preferred_Identity.obj
         Debug\tsip_header_P_Profile_Key.obj
         Debug\tsip_header_P_User_Database.obj
         Debug\tsip_header_P_Visited_Network_ID.obj
         Debug\tsip_header_RAck.obj
         Debug\tsip_header_Reason.obj
         Debug\tsip_header_Record_Route.obj
         Debug\tsip_header_Referred_By.obj
         Debug\tsip_header_Refer_Sub.obj
         Debug\tsip_header_Refer_To.obj
         Debug\tsip_header_Reject_Contact.obj
         Debug\tsip_header_Replaces.obj
         Debug\tsip_header_Reply_To.obj
         Debug\tsip_header_Request_Disposition.obj
         Debug\tsip_header_Require.obj
         Debug\tsip_header_Resource_Priority.obj
         Debug\tsip_header_Retry_After.obj
         Debug\tsip_header_Route.obj
         Debug\tsip_header_RSeq.obj
         Debug\tsip_header_Security_Client.obj
         Debug\tsip_header_Security_Server.obj
         Debug\tsip_header_Security_Verify.obj
         Debug\tsip_header_Server.obj
         Debug\tsip_header_Service_Route.obj
         Debug\tsip_header_Session_Expires.obj
         Debug\tsip_header_SIP_ETag.obj
         Debug\tsip_header_SIP_If_Match.obj
         Debug\tsip_header_Subject.obj
         Debug\tsip_header_Subscription_State.obj
         Debug\tsip_header_Supported.obj
         Debug\tsip_header_Target_Dialog.obj
         Debug\tsip_header_Timestamp.obj
         Debug\tsip_header_To.obj
         Debug\tsip_header_Unsupported.obj
         Debug\tsip_header_User_Agent.obj
         Debug\tsip_header_Via.obj
         Debug\tsip_header_Warning.obj
         Debug\tsip_header_WWW_Authenticate.obj
         Debug\tsip_parser_header.obj
         Debug\tsip_parser_message.obj
         Debug\tsip_parser_uri.obj
         Debug\tsip_sigcomp.obj
         Debug\tsip_transac.obj
         Debug\tsip_transac_ict.obj
         Debug\tsip_transac_ist.obj
         Debug\tsip_transac_layer.obj
         Debug\tsip_transac_nict.obj
         Debug\tsip_transac_nist.obj
         Debug\tsip_transport.obj
         Debug\tsip_transport_ipsec.obj
         Debug\tsip_transport_layer.obj
         Debug\tsip_transport_tls.obj
         Debug\tsip.obj
         Debug\tsip_action.obj
         Debug\tsip_event.obj
         Debug\tsip_message.obj
         Debug\tsip_ssession.obj
         Debug\tsip_timers.obj
         Debug\tsip_uri.obj
         "E:\github\x-talker\wp-client\boghe\boghe-read-only\branches\2.0\boghe\Debug\tinyHTTP.lib"
         "E:\github\x-talker\wp-client\boghe\boghe-read-only\branches\2.0\boghe\Debug\tinyIPSec.lib"
         "E:\github\x-talker\wp-client\boghe\boghe-read-only\branches\2.0\boghe\Debug\tinyMEDIA.lib"
         "E:\github\x-talker\wp-client\boghe\boghe-read-only\branches\2.0\boghe\Debug\tinyMSRP.lib"
         "E:\github\x-talker\wp-client\boghe\boghe-read-only\branches\2.0\boghe\Debug\tinyNET.lib"
         "E:\github\x-talker\wp-client\boghe\boghe-read-only\branches\2.0\boghe\Debug\tinySAK.lib"
         "E:\github\x-talker\wp-client\boghe\boghe-read-only\branches\2.0\boghe\Debug\tinySDP.lib"
         "E:\github\x-talker\wp-client\boghe\boghe-read-only\branches\2.0\boghe\Debug\tinySIGCOMP.lib"
         "E:\github\x-talker\wp-client\boghe\boghe-read-only\branches\2.0\boghe\Debug\tinySMS.lib"
     1>tsip_api_common.obj : warning LNK4075: 
            
     1>LINK : warning LNK4098: 
         tinySIP.vcxproj -> E:\github\x-talker\wp-client\boghe\boghe-read-only\branches\2.0\boghe\Debug\tinySIP.dll
     1>已完成生成项目“E:\github\x-talker\wp-client\boghe\doubango\branches\2.0\doubango\tinySIP\tinySIP.vcxproj”(Build 个目标)的操作。

生成成功。

已用时间 00:00:01.46
