e:\github\x-talker\wp-client\boghe\doubango\branches\2.0\doubango\tinysip\debug\vc120.pdb
e:\github\x-talker\wp-client\boghe\doubango\branches\2.0\doubango\tinysip\debug\vc120.idb
e:\github\x-talker\wp-client\boghe\doubango\branches\2.0\doubango\tinysip\debug\tsip_parser_message.obj
e:\github\x-talker\wp-client\boghe\doubango\branches\2.0\doubango\tinysip\debug\tsip_parser_uri.obj
e:\github\x-talker\wp-client\boghe\doubango\branches\2.0\doubango\tinysip\debug\tsip_sigcomp.obj
e:\github\x-talker\wp-client\boghe\doubango\branches\2.0\doubango\tinysip\debug\tsip_transac.obj
e:\github\x-talker\wp-client\boghe\doubango\branches\2.0\doubango\tinysip\debug\tsip_transac_ict.obj
e:\github\x-talker\wp-client\boghe\doubango\branches\2.0\doubango\tinysip\debug\tsip_transac_ist.obj
e:\github\x-talker\wp-client\boghe\doubango\branches\2.0\doubango\tinysip\debug\tsip_transac_layer.obj
e:\github\x-talker\wp-client\boghe\doubango\branches\2.0\doubango\tinysip\debug\tsip_transac_nict.obj
e:\github\x-talker\wp-client\boghe\doubango\branches\2.0\doubango\tinysip\debug\tsip_transac_nist.obj
e:\github\x-talker\wp-client\boghe\doubango\branches\2.0\doubango\tinysip\debug\tsip_transport.obj
e:\github\x-talker\wp-client\boghe\doubango\branches\2.0\doubango\tinysip\debug\tsip_transport_ipsec.obj
e:\github\x-talker\wp-client\boghe\doubango\branches\2.0\doubango\tinysip\debug\tsip_transport_layer.obj
e:\github\x-talker\wp-client\boghe\doubango\branches\2.0\doubango\tinysip\debug\tsip_transport_tls.obj
e:\github\x-talker\wp-client\boghe\doubango\branches\2.0\doubango\tinysip\debug\tsip.obj
e:\github\x-talker\wp-client\boghe\doubango\branches\2.0\doubango\tinysip\debug\tsip_action.obj
e:\github\x-talker\wp-client\boghe\doubango\branches\2.0\doubango\tinysip\debug\tsip_event.obj
e:\github\x-talker\wp-client\boghe\doubango\branches\2.0\doubango\tinysip\debug\tsip_message.obj
e:\github\x-talker\wp-client\boghe\doubango\branches\2.0\doubango\tinysip\debug\tsip_ssession.obj
e:\github\x-talker\wp-client\boghe\doubango\branches\2.0\doubango\tinysip\debug\tsip_timers.obj
e:\github\x-talker\wp-client\boghe\doubango\branches\2.0\doubango\tinysip\debug\tsip_uri.obj
e:\github\x-talker\wp-client\boghe\doubango\branches\2.0\doubango\tinysip\debug\tsip_header_security_client.obj
e:\github\x-talker\wp-client\boghe\doubango\branches\2.0\doubango\tinysip\debug\tsip_header_security_server.obj
e:\github\x-talker\wp-client\boghe\doubango\branches\2.0\doubango\tinysip\debug\tsip_header_security_verify.obj
e:\github\x-talker\wp-client\boghe\doubango\branches\2.0\doubango\tinysip\debug\tsip_header_server.obj
e:\github\x-talker\wp-client\boghe\doubango\branches\2.0\doubango\tinysip\debug\tsip_header_service_route.obj
e:\github\x-talker\wp-client\boghe\doubango\branches\2.0\doubango\tinysip\debug\tsip_header_session_expires.obj
e:\github\x-talker\wp-client\boghe\doubango\branches\2.0\doubango\tinysip\debug\tsip_header_sip_etag.obj
e:\github\x-talker\wp-client\boghe\doubango\branches\2.0\doubango\tinysip\debug\tsip_header_sip_if_match.obj
e:\github\x-talker\wp-client\boghe\doubango\branches\2.0\doubango\tinysip\debug\tsip_header_subject.obj
e:\github\x-talker\wp-client\boghe\doubango\branches\2.0\doubango\tinysip\debug\tsip_header_subscription_state.obj
e:\github\x-talker\wp-client\boghe\doubango\branches\2.0\doubango\tinysip\debug\tsip_header_supported.obj
e:\github\x-talker\wp-client\boghe\doubango\branches\2.0\doubango\tinysip\debug\tsip_header_target_dialog.obj
e:\github\x-talker\wp-client\boghe\doubango\branches\2.0\doubango\tinysip\debug\tsip_header_timestamp.obj
e:\github\x-talker\wp-client\boghe\doubango\branches\2.0\doubango\tinysip\debug\tsip_header_to.obj
e:\github\x-talker\wp-client\boghe\doubango\branches\2.0\doubango\tinysip\debug\tsip_header_unsupported.obj
e:\github\x-talker\wp-client\boghe\doubango\branches\2.0\doubango\tinysip\debug\tsip_header_user_agent.obj
e:\github\x-talker\wp-client\boghe\doubango\branches\2.0\doubango\tinysip\debug\tsip_header_via.obj
e:\github\x-talker\wp-client\boghe\doubango\branches\2.0\doubango\tinysip\debug\tsip_header_warning.obj
e:\github\x-talker\wp-client\boghe\doubango\branches\2.0\doubango\tinysip\debug\tsip_header_www_authenticate.obj
e:\github\x-talker\wp-client\boghe\doubango\branches\2.0\doubango\tinysip\debug\tsip_parser_header.obj
e:\github\x-talker\wp-client\boghe\doubango\branches\2.0\doubango\tinysip\debug\tsip_header_p_media_authorization.obj
e:\github\x-talker\wp-client\boghe\doubango\branches\2.0\doubango\tinysip\debug\tsip_header_p_preferred_identity.obj
e:\github\x-talker\wp-client\boghe\doubango\branches\2.0\doubango\tinysip\debug\tsip_header_p_profile_key.obj
e:\github\x-talker\wp-client\boghe\doubango\branches\2.0\doubango\tinysip\debug\tsip_header_p_user_database.obj
e:\github\x-talker\wp-client\boghe\doubango\branches\2.0\doubango\tinysip\debug\tsip_header_p_visited_network_id.obj
e:\github\x-talker\wp-client\boghe\doubango\branches\2.0\doubango\tinysip\debug\tsip_header_rack.obj
e:\github\x-talker\wp-client\boghe\doubango\branches\2.0\doubango\tinysip\debug\tsip_header_reason.obj
e:\github\x-talker\wp-client\boghe\doubango\branches\2.0\doubango\tinysip\debug\tsip_header_record_route.obj
e:\github\x-talker\wp-client\boghe\doubango\branches\2.0\doubango\tinysip\debug\tsip_header_referred_by.obj
e:\github\x-talker\wp-client\boghe\doubango\branches\2.0\doubango\tinysip\debug\tsip_header_refer_sub.obj
e:\github\x-talker\wp-client\boghe\doubango\branches\2.0\doubango\tinysip\debug\tsip_header_refer_to.obj
e:\github\x-talker\wp-client\boghe\doubango\branches\2.0\doubango\tinysip\debug\tsip_header_reject_contact.obj
e:\github\x-talker\wp-client\boghe\doubango\branches\2.0\doubango\tinysip\debug\tsip_header_replaces.obj
e:\github\x-talker\wp-client\boghe\doubango\branches\2.0\doubango\tinysip\debug\tsip_header_reply_to.obj
e:\github\x-talker\wp-client\boghe\doubango\branches\2.0\doubango\tinysip\debug\tsip_header_request_disposition.obj
e:\github\x-talker\wp-client\boghe\doubango\branches\2.0\doubango\tinysip\debug\tsip_header_require.obj
e:\github\x-talker\wp-client\boghe\doubango\branches\2.0\doubango\tinysip\debug\tsip_header_resource_priority.obj
e:\github\x-talker\wp-client\boghe\doubango\branches\2.0\doubango\tinysip\debug\tsip_header_retry_after.obj
e:\github\x-talker\wp-client\boghe\doubango\branches\2.0\doubango\tinysip\debug\tsip_header_route.obj
e:\github\x-talker\wp-client\boghe\doubango\branches\2.0\doubango\tinysip\debug\tsip_header_rseq.obj
e:\github\x-talker\wp-client\boghe\doubango\branches\2.0\doubango\tinysip\debug\tsip_header_organization.obj
e:\github\x-talker\wp-client\boghe\doubango\branches\2.0\doubango\tinysip\debug\tsip_header_path.obj
e:\github\x-talker\wp-client\boghe\doubango\branches\2.0\doubango\tinysip\debug\tsip_header_priority.obj
e:\github\x-talker\wp-client\boghe\doubango\branches\2.0\doubango\tinysip\debug\tsip_header_privacy.obj
e:\github\x-talker\wp-client\boghe\doubango\branches\2.0\doubango\tinysip\debug\tsip_header_proxy_authenticate.obj
e:\github\x-talker\wp-client\boghe\doubango\branches\2.0\doubango\tinysip\debug\tsip_header_proxy_authorization.obj
e:\github\x-talker\wp-client\boghe\doubango\branches\2.0\doubango\tinysip\debug\tsip_header_proxy_require.obj
e:\github\x-talker\wp-client\boghe\doubango\branches\2.0\doubango\tinysip\debug\tsip_header_p_access_network_info.obj
e:\github\x-talker\wp-client\boghe\doubango\branches\2.0\doubango\tinysip\debug\tsip_header_p_answer_state.obj
e:\github\x-talker\wp-client\boghe\doubango\branches\2.0\doubango\tinysip\debug\tsip_header_p_asserted_identity.obj
e:\github\x-talker\wp-client\boghe\doubango\branches\2.0\doubango\tinysip\debug\tsip_header_p_associated_uri.obj
e:\github\x-talker\wp-client\boghe\doubango\branches\2.0\doubango\tinysip\debug\tsip_header_p_called_party_id.obj
e:\github\x-talker\wp-client\boghe\doubango\branches\2.0\doubango\tinysip\debug\tsip_header_p_charging_function_addresses.obj
e:\github\x-talker\wp-client\boghe\doubango\branches\2.0\doubango\tinysip\debug\tsip_header_p_charging_vector.obj
e:\github\x-talker\wp-client\boghe\doubango\branches\2.0\doubango\tinysip\debug\tsip_header_p_dcs_billing_info.obj
e:\github\x-talker\wp-client\boghe\doubango\branches\2.0\doubango\tinysip\debug\tsip_header_p_dcs_laes.obj
e:\github\x-talker\wp-client\boghe\doubango\branches\2.0\doubango\tinysip\debug\tsip_header_p_dcs_osps.obj
e:\github\x-talker\wp-client\boghe\doubango\branches\2.0\doubango\tinysip\debug\tsip_header_p_dcs_redirect.obj
e:\github\x-talker\wp-client\boghe\doubango\branches\2.0\doubango\tinysip\debug\tsip_header_p_dcs_trace_party_id.obj
e:\github\x-talker\wp-client\boghe\doubango\branches\2.0\doubango\tinysip\debug\tsip_header_p_early_media.obj
e:\github\x-talker\wp-client\boghe\doubango\branches\2.0\doubango\tinysip\debug\tsip_header_content_encoding.obj
e:\github\x-talker\wp-client\boghe\doubango\branches\2.0\doubango\tinysip\debug\tsip_header_content_language.obj
e:\github\x-talker\wp-client\boghe\doubango\branches\2.0\doubango\tinysip\debug\tsip_header_content_length.obj
e:\github\x-talker\wp-client\boghe\doubango\branches\2.0\doubango\tinysip\debug\tsip_header_content_type.obj
e:\github\x-talker\wp-client\boghe\doubango\branches\2.0\doubango\tinysip\debug\tsip_header_cseq.obj
e:\github\x-talker\wp-client\boghe\doubango\branches\2.0\doubango\tinysip\debug\tsip_header_date.obj
e:\github\x-talker\wp-client\boghe\doubango\branches\2.0\doubango\tinysip\debug\tsip_header_dummy.obj
e:\github\x-talker\wp-client\boghe\doubango\branches\2.0\doubango\tinysip\debug\tsip_header_error_info.obj
e:\github\x-talker\wp-client\boghe\doubango\branches\2.0\doubango\tinysip\debug\tsip_header_event.obj
e:\github\x-talker\wp-client\boghe\doubango\branches\2.0\doubango\tinysip\debug\tsip_header_expires.obj
e:\github\x-talker\wp-client\boghe\doubango\branches\2.0\doubango\tinysip\debug\tsip_header_from.obj
e:\github\x-talker\wp-client\boghe\doubango\branches\2.0\doubango\tinysip\debug\tsip_header_history_info.obj
e:\github\x-talker\wp-client\boghe\doubango\branches\2.0\doubango\tinysip\debug\tsip_header_identity.obj
e:\github\x-talker\wp-client\boghe\doubango\branches\2.0\doubango\tinysip\debug\tsip_header_identity_info.obj
e:\github\x-talker\wp-client\boghe\doubango\branches\2.0\doubango\tinysip\debug\tsip_header_in_reply_to.obj
e:\github\x-talker\wp-client\boghe\doubango\branches\2.0\doubango\tinysip\debug\tsip_header_join.obj
e:\github\x-talker\wp-client\boghe\doubango\branches\2.0\doubango\tinysip\debug\tsip_header_max_forwards.obj
e:\github\x-talker\wp-client\boghe\doubango\branches\2.0\doubango\tinysip\debug\tsip_header_mime_version.obj
e:\github\x-talker\wp-client\boghe\doubango\branches\2.0\doubango\tinysip\debug\tsip_header_min_expires.obj
e:\github\x-talker\wp-client\boghe\doubango\branches\2.0\doubango\tinysip\debug\tsip_header_min_se.obj
e:\github\x-talker\wp-client\boghe\doubango\branches\2.0\doubango\tinysip\debug\tsip_dialog_register.obj
e:\github\x-talker\wp-client\boghe\doubango\branches\2.0\doubango\tinysip\debug\tsip_dialog_register.client.obj
e:\github\x-talker\wp-client\boghe\doubango\branches\2.0\doubango\tinysip\debug\tsip_dialog_register.server.obj
e:\github\x-talker\wp-client\boghe\doubango\branches\2.0\doubango\tinysip\debug\tsip_dialog_subscribe.client.obj
e:\github\x-talker\wp-client\boghe\doubango\branches\2.0\doubango\tinysip\debug\tsip_dialog_subscribe.server.obj
e:\github\x-talker\wp-client\boghe\doubango\branches\2.0\doubango\tinysip\debug\tsip_header.obj
e:\github\x-talker\wp-client\boghe\doubango\branches\2.0\doubango\tinysip\debug\tsip_header_accept.obj
e:\github\x-talker\wp-client\boghe\doubango\branches\2.0\doubango\tinysip\debug\tsip_header_accept_contact.obj
e:\github\x-talker\wp-client\boghe\doubango\branches\2.0\doubango\tinysip\debug\tsip_header_accept_encoding.obj
e:\github\x-talker\wp-client\boghe\doubango\branches\2.0\doubango\tinysip\debug\tsip_header_accept_language.obj
e:\github\x-talker\wp-client\boghe\doubango\branches\2.0\doubango\tinysip\debug\tsip_header_accept_resource_priority.obj
e:\github\x-talker\wp-client\boghe\doubango\branches\2.0\doubango\tinysip\debug\tsip_header_alert_info.obj
e:\github\x-talker\wp-client\boghe\doubango\branches\2.0\doubango\tinysip\debug\tsip_header_allow.obj
e:\github\x-talker\wp-client\boghe\doubango\branches\2.0\doubango\tinysip\debug\tsip_header_allow_events.obj
e:\github\x-talker\wp-client\boghe\doubango\branches\2.0\doubango\tinysip\debug\tsip_header_authentication_info.obj
e:\github\x-talker\wp-client\boghe\doubango\branches\2.0\doubango\tinysip\debug\tsip_header_authorization.obj
e:\github\x-talker\wp-client\boghe\doubango\branches\2.0\doubango\tinysip\debug\tsip_header_call_id.obj
e:\github\x-talker\wp-client\boghe\doubango\branches\2.0\doubango\tinysip\debug\tsip_header_call_info.obj
e:\github\x-talker\wp-client\boghe\doubango\branches\2.0\doubango\tinysip\debug\tsip_header_contact.obj
e:\github\x-talker\wp-client\boghe\doubango\branches\2.0\doubango\tinysip\debug\tsip_header_content_disposition.obj
e:\github\x-talker\wp-client\boghe\doubango\branches\2.0\doubango\tinysip\debug\tsip_api_subscribe.obj
e:\github\x-talker\wp-client\boghe\doubango\branches\2.0\doubango\tinysip\debug\tsip_milenage.obj
e:\github\x-talker\wp-client\boghe\doubango\branches\2.0\doubango\tinysip\debug\tsip_rijndael.obj
e:\github\x-talker\wp-client\boghe\doubango\branches\2.0\doubango\tinysip\debug\tsip_dialog.obj
e:\github\x-talker\wp-client\boghe\doubango\branches\2.0\doubango\tinysip\debug\tsip_dialog_info.obj
e:\github\x-talker\wp-client\boghe\doubango\branches\2.0\doubango\tinysip\debug\tsip_dialog_invite.obj
e:\github\x-talker\wp-client\boghe\doubango\branches\2.0\doubango\tinysip\debug\tsip_dialog_invite.cdiv.obj
e:\github\x-talker\wp-client\boghe\doubango\branches\2.0\doubango\tinysip\debug\tsip_dialog_invite.client.obj
e:\github\x-talker\wp-client\boghe\doubango\branches\2.0\doubango\tinysip\debug\tsip_dialog_invite.conf.obj
e:\github\x-talker\wp-client\boghe\doubango\branches\2.0\doubango\tinysip\debug\tsip_dialog_invite.ect.obj
e:\github\x-talker\wp-client\boghe\doubango\branches\2.0\doubango\tinysip\debug\tsip_dialog_invite.hold.obj
e:\github\x-talker\wp-client\boghe\doubango\branches\2.0\doubango\tinysip\debug\tsip_dialog_invite.ice.obj
e:\github\x-talker\wp-client\boghe\doubango\branches\2.0\doubango\tinysip\debug\tsip_dialog_invite.qos.obj
e:\github\x-talker\wp-client\boghe\doubango\branches\2.0\doubango\tinysip\debug\tsip_dialog_invite.server.obj
e:\github\x-talker\wp-client\boghe\doubango\branches\2.0\doubango\tinysip\debug\tsip_dialog_invite.timers.obj
e:\github\x-talker\wp-client\boghe\doubango\branches\2.0\doubango\tinysip\debug\tsip_dialog_layer.obj
e:\github\x-talker\wp-client\boghe\doubango\branches\2.0\doubango\tinysip\debug\tsip_dialog_message.obj
e:\github\x-talker\wp-client\boghe\doubango\branches\2.0\doubango\tinysip\debug\tsip_dialog_options.obj
e:\github\x-talker\wp-client\boghe\doubango\branches\2.0\doubango\tinysip\debug\tsip_dialog_publish.client.obj
e:\github\x-talker\wp-client\boghe\doubango\branches\2.0\doubango\tinysip\debug\tsip_api_common.obj
e:\github\x-talker\wp-client\boghe\doubango\branches\2.0\doubango\tinysip\debug\tsip_api_info.obj
e:\github\x-talker\wp-client\boghe\doubango\branches\2.0\doubango\tinysip\debug\tsip_api_invite.obj
e:\github\x-talker\wp-client\boghe\doubango\branches\2.0\doubango\tinysip\debug\tsip_api_message.obj
e:\github\x-talker\wp-client\boghe\doubango\branches\2.0\doubango\tinysip\debug\tsip_api_options.obj
e:\github\x-talker\wp-client\boghe\doubango\branches\2.0\doubango\tinysip\debug\tsip_api_publish.obj
e:\github\x-talker\wp-client\boghe\doubango\branches\2.0\doubango\tinysip\debug\tsip_api_register.obj
e:\github\x-talker\wp-client\boghe\doubango\branches\2.0\doubango\tinysip\debug\tinysip.tlog\cl.command.1.tlog
e:\github\x-talker\wp-client\boghe\doubango\branches\2.0\doubango\tinysip\debug\tinysip.tlog\cl.read.1.tlog
e:\github\x-talker\wp-client\boghe\doubango\branches\2.0\doubango\tinysip\debug\tinysip.tlog\cl.write.1.tlog
